-------------------------------------------------------------------------------
Test set: TestSuite
-------------------------------------------------------------------------------
Tests run: 52, Failures: 19, Errors: 0, Skipped: 0, Time elapsed: 406.137 sec <<< FAILURE! - in TestSuite
loginPopUpLogInNegativeTest(testCases.LoginPopUpTest)  Time elapsed: 2.602 sec  <<< FAILURE!
java.lang.AssertionError: expected [false] but found [true]
	at org.testng.Assert.fail(Assert.java:110)
	at org.testng.Assert.failNotEquals(Assert.java:1413)
	at org.testng.Assert.assertEqualsImpl(Assert.java:149)
	at org.testng.Assert.assertEquals(Assert.java:131)
	at org.testng.Assert.assertEquals(Assert.java:976)
	at org.testng.Assert.assertEquals(Assert.java:1010)
	at testCases.LoginPopUpTest.loginPopUpLogInNegativeTest(LoginPopUpTest.java:198)

loginPopUpLogInNegativeTest(testCases.LoginPopUpTest)  Time elapsed: 1.811 sec  <<< FAILURE!
java.lang.AssertionError: expected [false] but found [true]
	at org.testng.Assert.fail(Assert.java:110)
	at org.testng.Assert.failNotEquals(Assert.java:1413)
	at org.testng.Assert.assertEqualsImpl(Assert.java:149)
	at org.testng.Assert.assertEquals(Assert.java:131)
	at org.testng.Assert.assertEquals(Assert.java:976)
	at org.testng.Assert.assertEquals(Assert.java:1010)
	at testCases.LoginPopUpTest.loginPopUpLogInNegativeTest(LoginPopUpTest.java:198)

loginPopUpLogInNegativeTest(testCases.LoginPopUpTest)  Time elapsed: 1.666 sec  <<< FAILURE!
java.lang.AssertionError: expected [false] but found [true]
	at org.testng.Assert.fail(Assert.java:110)
	at org.testng.Assert.failNotEquals(Assert.java:1413)
	at org.testng.Assert.assertEqualsImpl(Assert.java:149)
	at org.testng.Assert.assertEquals(Assert.java:131)
	at org.testng.Assert.assertEquals(Assert.java:976)
	at org.testng.Assert.assertEquals(Assert.java:1010)
	at testCases.LoginPopUpTest.loginPopUpLogInNegativeTest(LoginPopUpTest.java:198)

loginPopUpLogInNegativeTest(testCases.LoginPopUpTest)  Time elapsed: 2.543 sec  <<< FAILURE!
java.lang.AssertionError: expected [false] but found [true]
	at org.testng.Assert.fail(Assert.java:110)
	at org.testng.Assert.failNotEquals(Assert.java:1413)
	at org.testng.Assert.assertEqualsImpl(Assert.java:149)
	at org.testng.Assert.assertEquals(Assert.java:131)
	at org.testng.Assert.assertEquals(Assert.java:976)
	at org.testng.Assert.assertEquals(Assert.java:1010)
	at testCases.LoginPopUpTest.loginPopUpLogInNegativeTest(LoginPopUpTest.java:198)

loginPopUpLogInNegativeTest(testCases.LoginPopUpTest)  Time elapsed: 1.747 sec  <<< FAILURE!
java.lang.AssertionError: expected [false] but found [true]
	at org.testng.Assert.fail(Assert.java:110)
	at org.testng.Assert.failNotEquals(Assert.java:1413)
	at org.testng.Assert.assertEqualsImpl(Assert.java:149)
	at org.testng.Assert.assertEquals(Assert.java:131)
	at org.testng.Assert.assertEquals(Assert.java:976)
	at org.testng.Assert.assertEquals(Assert.java:1010)
	at testCases.LoginPopUpTest.loginPopUpLogInNegativeTest(LoginPopUpTest.java:198)

RecoveryPopUpSupportLink_Test(testCases.PasswordRecoveryTest)  Time elapsed: 0.625 sec  <<< FAILURE!
java.lang.AssertionError: did not expect [https://craftbet.com/forgot-password] but found [https://craftbet.com/forgot-password]
	at org.testng.Assert.fail(Assert.java:110)
	at org.testng.Assert.failEquals(Assert.java:1417)
	at org.testng.Assert.assertNotEqualsImpl(Assert.java:156)
	at org.testng.Assert.assertNotEquals(Assert.java:2033)
	at org.testng.Assert.assertNotEquals(Assert.java:2055)
	at testCases.PasswordRecoveryTest.RecoveryPopUpSupportLink_Test(PasswordRecoveryTest.java:78)

SignUpPopUpQuickRegisterLabelsPresenceVerification_Test(testCases.SignUpQuickRegisterTest)  Time elapsed: 16.473 sec  <<< FAILURE!
java.lang.AssertionError: The following asserts failed:
	expected [REGISTER] but found [Cant find element buttonRegisterQ],
	expected [Already have an account? Log In] but found [Cant find element labelAlreadyHaveAnAccount],
	expected [Safe and Secure] but found [Cant find element labelSafeAndSecure]
	at org.testng.asserts.SoftAssert.assertAll(SoftAssert.java:46)
	at org.testng.asserts.SoftAssert.assertAll(SoftAssert.java:30)
	at testCases.SignUpQuickRegisterTest.SignUpPopUpQuickRegisterLabelsPresenceVerification_Test(SignUpQuickRegisterTest.java:96)

SignUpPopUpQuickRegisterLogoPresenceVerification_Test(testCases.SignUpQuickRegisterTest)  Time elapsed: 0.589 sec  <<< FAILURE!
java.lang.AssertionError: The following asserts failed:
	expected [REGISTER] but found [Cant find element buttonRegisterQ],
	expected [Already have an account? Log In] but found [Cant find element labelAlreadyHaveAnAccount],
	expected [Safe and Secure] but found [Cant find element labelSafeAndSecure]
	at org.testng.asserts.SoftAssert.assertAll(SoftAssert.java:46)
	at org.testng.asserts.SoftAssert.assertAll(SoftAssert.java:30)
	at testCases.SignUpQuickRegisterTest.SignUpPopUpQuickRegisterLogoPresenceVerification_Test(SignUpQuickRegisterTest.java:107)

SignUpPopUpQuickRegisterRegisterByDropDownVerification_Test(testCases.SignUpQuickRegisterTest)  Time elapsed: 0.667 sec  <<< FAILURE!
java.lang.AssertionError: The following asserts failed:
	expected [REGISTER] but found [Cant find element buttonRegisterQ],
	expected [Already have an account? Log In] but found [Cant find element labelAlreadyHaveAnAccount],
	expected [Safe and Secure] but found [Cant find element labelSafeAndSecure]
	at org.testng.asserts.SoftAssert.assertAll(SoftAssert.java:46)
	at org.testng.asserts.SoftAssert.assertAll(SoftAssert.java:30)
	at testCases.SignUpQuickRegisterTest.SignUpPopUpQuickRegisterRegisterByDropDownVerification_Test(SignUpQuickRegisterTest.java:122)

SignUpPopUpQuickRegisterCurrencyDropDownVerification_Test(testCases.SignUpQuickRegisterTest)  Time elapsed: 1.069 sec  <<< FAILURE!
java.lang.AssertionError: The following asserts failed:
	expected [REGISTER] but found [Cant find element buttonRegisterQ],
	expected [Already have an account? Log In] but found [Cant find element labelAlreadyHaveAnAccount],
	expected [Safe and Secure] but found [Cant find element labelSafeAndSecure]
	at org.testng.asserts.SoftAssert.assertAll(SoftAssert.java:46)
	at org.testng.asserts.SoftAssert.assertAll(SoftAssert.java:30)
	at testCases.SignUpQuickRegisterTest.SignUpPopUpQuickRegisterCurrencyDropDownVerification_Test(SignUpQuickRegisterTest.java:141)

SignUpPopUpQuickRegisterRegisterPrivacyPolicy(testCases.SignUpQuickRegisterTest)  Time elapsed: 0.708 sec  <<< FAILURE!
java.lang.AssertionError: The following asserts failed:
	expected [REGISTER] but found [Cant find element buttonRegisterQ],
	expected [Already have an account? Log In] but found [Cant find element labelAlreadyHaveAnAccount],
	expected [Safe and Secure] but found [Cant find element labelSafeAndSecure]
	at org.testng.asserts.SoftAssert.assertAll(SoftAssert.java:46)
	at org.testng.asserts.SoftAssert.assertAll(SoftAssert.java:30)
	at testCases.SignUpQuickRegisterTest.SignUpPopUpQuickRegisterRegisterPrivacyPolicy(SignUpQuickRegisterTest.java:158)

SignUpPopUpQuickRegisterWithEmailPositiveTest(testCases.SignUpQuickRegisterTest)  Time elapsed: 16.162 sec  <<< FAILURE!
org.openqa.selenium.NoSuchElementException: no such element: Unable to locate element: {"method":"xpath","selector":"//*[@class='user_id']"}
  (Session info: chrome=103.0.5060.114)
For documentation on this error, please visit: https://selenium.dev/exceptions/#no_such_element
Build info: version: '4.2.1', revision: 'ac4d0fdd4a'
System info: host: 'DESKTOP-52C1ANV', ip: '192.168.31.63', os.name: 'Windows 10', os.arch: 'amd64', os.version: '10.0', java.version: '17.0.2'
Driver info: org.openqa.selenium.chrome.ChromeDriver
Command: [ea84c00dfd76d20282bd1f54a29b4539, findElement {using=xpath, value=//*[@class='user_id']}]
Capabilities {acceptInsecureCerts: false, browserName: chrome, browserVersion: 103.0.5060.114, chrome: {chromedriverVersion: 103.0.5060.53 (a1711811edd7..., userDataDir: C:\Users\user\AppData\Local...}, goog:chromeOptions: {debuggerAddress: localhost:61730}, networkConnectionEnabled: false, pageLoadStrategy: normal, platformName: WINDOWS, proxy: Proxy(), se:cdp: ws://localhost:61730/devtoo..., se:cdpVersion: 103.0.5060.114, setWindowRect: true, strictFileInteractability: false, timeouts: {implicit: 0, pageLoad: 300000, script: 30000}, unhandledPromptBehavior: dismiss and notify, webauthn:extension:credBlob: true, webauthn:extension:largeBlob: true, webauthn:virtualAuthenticators: true}
Session ID: ea84c00dfd76d20282bd1f54a29b4539
	at java.base/jdk.internal.reflect.NativeConstructorAccessorImpl.newInstance0(Native Method)
	at java.base/jdk.internal.reflect.NativeConstructorAccessorImpl.newInstance(NativeConstructorAccessorImpl.java:77)
	at java.base/jdk.internal.reflect.DelegatingConstructorAccessorImpl.newInstance(DelegatingConstructorAccessorImpl.java:45)
	at java.base/java.lang.reflect.Constructor.newInstanceWithCaller(Constructor.java:499)
	at java.base/java.lang.reflect.Constructor.newInstance(Constructor.java:480)
	at org.openqa.selenium.remote.codec.w3c.W3CHttpResponseCodec.createException(W3CHttpResponseCodec.java:200)
	at org.openqa.selenium.remote.codec.w3c.W3CHttpResponseCodec.decode(W3CHttpResponseCodec.java:133)
	at org.openqa.selenium.remote.codec.w3c.W3CHttpResponseCodec.decode(W3CHttpResponseCodec.java:53)
	at org.openqa.selenium.remote.HttpCommandExecutor.execute(HttpCommandExecutor.java:184)
	at org.openqa.selenium.remote.service.DriverCommandExecutor.invokeExecute(DriverCommandExecutor.java:167)
	at org.openqa.selenium.remote.service.DriverCommandExecutor.execute(DriverCommandExecutor.java:142)
	at org.openqa.selenium.remote.RemoteWebDriver.execute(RemoteWebDriver.java:551)
	at org.openqa.selenium.remote.ElementLocation$ElementFinder$2.findElement(ElementLocation.java:162)
	at org.openqa.selenium.remote.ElementLocation.findElement(ElementLocation.java:60)
	at org.openqa.selenium.remote.RemoteWebDriver.findElement(RemoteWebDriver.java:369)
	at org.openqa.selenium.remote.RemoteWebDriver.findElement(RemoteWebDriver.java:361)
	at org.openqa.selenium.support.pagefactory.DefaultElementLocator.findElement(DefaultElementLocator.java:70)
	at org.openqa.selenium.support.pagefactory.internal.LocatingElementHandler.invoke(LocatingElementHandler.java:39)
	at jdk.proxy2/jdk.proxy2.$Proxy19.isEnabled(Unknown Source)
	at pageObjects.BasePage.elementIsEnable(BasePage.java:103)
	at pageObjects.CraftBet_Header_Page.userIdLabelIsEnabled(CraftBet_Header_Page.java:49)
	at testCases.SignUpQuickRegisterTest.SignUpPopUpQuickRegisterWithEmailPositiveTest(SignUpQuickRegisterTest.java:207)

SignUpPopUpQuickRegisterWithEmailNegativeTest(testCases.SignUpQuickRegisterTest)  Time elapsed: 11.377 sec  <<< FAILURE!
java.lang.AssertionError: expected [Invalid email address] but found [Cant find element errorMessage]
	at org.testng.Assert.fail(Assert.java:110)
	at org.testng.Assert.failNotEquals(Assert.java:1413)
	at org.testng.Assert.assertEqualsImpl(Assert.java:149)
	at org.testng.Assert.assertEquals(Assert.java:131)
	at org.testng.Assert.assertEquals(Assert.java:655)
	at org.testng.Assert.assertEquals(Assert.java:665)
	at testCases.SignUpQuickRegisterTest.SignUpPopUpQuickRegisterWithEmailNegativeTest(SignUpQuickRegisterTest.java:225)

SignUpPopUpQuickRegisterWithEmailNegativeTest(testCases.SignUpQuickRegisterTest)  Time elapsed: 11.37 sec  <<< FAILURE!
java.lang.AssertionError: expected [Invalid email address] but found [Cant find element errorMessage]
	at org.testng.Assert.fail(Assert.java:110)
	at org.testng.Assert.failNotEquals(Assert.java:1413)
	at org.testng.Assert.assertEqualsImpl(Assert.java:149)
	at org.testng.Assert.assertEquals(Assert.java:131)
	at org.testng.Assert.assertEquals(Assert.java:655)
	at org.testng.Assert.assertEquals(Assert.java:665)
	at testCases.SignUpQuickRegisterTest.SignUpPopUpQuickRegisterWithEmailNegativeTest(SignUpQuickRegisterTest.java:225)

SignUpPopUpQuickRegisterWithEmailNegativeTest(testCases.SignUpQuickRegisterTest)  Time elapsed: 11.407 sec  <<< FAILURE!
java.lang.AssertionError: expected [Invalid email address] but found [Cant find element errorMessage]
	at org.testng.Assert.fail(Assert.java:110)
	at org.testng.Assert.failNotEquals(Assert.java:1413)
	at org.testng.Assert.assertEqualsImpl(Assert.java:149)
	at org.testng.Assert.assertEquals(Assert.java:131)
	at org.testng.Assert.assertEquals(Assert.java:655)
	at org.testng.Assert.assertEquals(Assert.java:665)
	at testCases.SignUpQuickRegisterTest.SignUpPopUpQuickRegisterWithEmailNegativeTest(SignUpQuickRegisterTest.java:225)

SignUpPopUpQuickRegisterWithEmailNegativeTest(testCases.SignUpQuickRegisterTest)  Time elapsed: 11.47 sec  <<< FAILURE!
java.lang.AssertionError: expected [Invalid email address] but found [Cant find element errorMessage]
	at org.testng.Assert.fail(Assert.java:110)
	at org.testng.Assert.failNotEquals(Assert.java:1413)
	at org.testng.Assert.assertEqualsImpl(Assert.java:149)
	at org.testng.Assert.assertEquals(Assert.java:131)
	at org.testng.Assert.assertEquals(Assert.java:655)
	at org.testng.Assert.assertEquals(Assert.java:665)
	at testCases.SignUpQuickRegisterTest.SignUpPopUpQuickRegisterWithEmailNegativeTest(SignUpQuickRegisterTest.java:225)

SignUpPopUpQuickRegisterWithEmailNegativeTest(testCases.SignUpQuickRegisterTest)  Time elapsed: 11.471 sec  <<< FAILURE!
java.lang.AssertionError: expected [Invalid email address] but found [Cant find element errorMessage]
	at org.testng.Assert.fail(Assert.java:110)
	at org.testng.Assert.failNotEquals(Assert.java:1413)
	at org.testng.Assert.assertEqualsImpl(Assert.java:149)
	at org.testng.Assert.assertEquals(Assert.java:131)
	at org.testng.Assert.assertEquals(Assert.java:655)
	at org.testng.Assert.assertEquals(Assert.java:665)
	at testCases.SignUpQuickRegisterTest.SignUpPopUpQuickRegisterWithEmailNegativeTest(SignUpQuickRegisterTest.java:225)

SignUpPopUpQuickRegisterWithEmailNegativeTest(testCases.SignUpQuickRegisterTest)  Time elapsed: 11.393 sec  <<< FAILURE!
java.lang.AssertionError: expected [Invalid email address] but found [Cant find element errorMessage]
	at org.testng.Assert.fail(Assert.java:110)
	at org.testng.Assert.failNotEquals(Assert.java:1413)
	at org.testng.Assert.assertEqualsImpl(Assert.java:149)
	at org.testng.Assert.assertEquals(Assert.java:131)
	at org.testng.Assert.assertEquals(Assert.java:655)
	at org.testng.Assert.assertEquals(Assert.java:665)
	at testCases.SignUpQuickRegisterTest.SignUpPopUpQuickRegisterWithEmailNegativeTest(SignUpQuickRegisterTest.java:225)

SignUpPopUpQuickRegisterWithMobilePositiveTest(testCases.SignUpQuickRegisterTest)  Time elapsed: 16.212 sec  <<< FAILURE!
org.openqa.selenium.NoSuchElementException: no such element: Unable to locate element: {"method":"xpath","selector":"//*[@class='user_id']"}
  (Session info: chrome=103.0.5060.114)
For documentation on this error, please visit: https://selenium.dev/exceptions/#no_such_element
Build info: version: '4.2.1', revision: 'ac4d0fdd4a'
System info: host: 'DESKTOP-52C1ANV', ip: '192.168.31.63', os.name: 'Windows 10', os.arch: 'amd64', os.version: '10.0', java.version: '17.0.2'
Driver info: org.openqa.selenium.chrome.ChromeDriver
Command: [7435f57724a4aee5ca82a4c4c6b0ceee, findElement {using=xpath, value=//*[@class='user_id']}]
Capabilities {acceptInsecureCerts: false, browserName: chrome, browserVersion: 103.0.5060.114, chrome: {chromedriverVersion: 103.0.5060.53 (a1711811edd7..., userDataDir: C:\Users\user\AppData\Local...}, goog:chromeOptions: {debuggerAddress: localhost:62148}, networkConnectionEnabled: false, pageLoadStrategy: normal, platformName: WINDOWS, proxy: Proxy(), se:cdp: ws://localhost:62148/devtoo..., se:cdpVersion: 103.0.5060.114, setWindowRect: true, strictFileInteractability: false, timeouts: {implicit: 0, pageLoad: 300000, script: 30000}, unhandledPromptBehavior: dismiss and notify, webauthn:extension:credBlob: true, webauthn:extension:largeBlob: true, webauthn:virtualAuthenticators: true}
Session ID: 7435f57724a4aee5ca82a4c4c6b0ceee
	at java.base/jdk.internal.reflect.NativeConstructorAccessorImpl.newInstance0(Native Method)
	at java.base/jdk.internal.reflect.NativeConstructorAccessorImpl.newInstance(NativeConstructorAccessorImpl.java:77)
	at java.base/jdk.internal.reflect.DelegatingConstructorAccessorImpl.newInstance(DelegatingConstructorAccessorImpl.java:45)
	at java.base/java.lang.reflect.Constructor.newInstanceWithCaller(Constructor.java:499)
	at java.base/java.lang.reflect.Constructor.newInstance(Constructor.java:480)
	at org.openqa.selenium.remote.codec.w3c.W3CHttpResponseCodec.createException(W3CHttpResponseCodec.java:200)
	at org.openqa.selenium.remote.codec.w3c.W3CHttpResponseCodec.decode(W3CHttpResponseCodec.java:133)
	at org.openqa.selenium.remote.codec.w3c.W3CHttpResponseCodec.decode(W3CHttpResponseCodec.java:53)
	at org.openqa.selenium.remote.HttpCommandExecutor.execute(HttpCommandExecutor.java:184)
	at org.openqa.selenium.remote.service.DriverCommandExecutor.invokeExecute(DriverCommandExecutor.java:167)
	at org.openqa.selenium.remote.service.DriverCommandExecutor.execute(DriverCommandExecutor.java:142)
	at org.openqa.selenium.remote.RemoteWebDriver.execute(RemoteWebDriver.java:551)
	at org.openqa.selenium.remote.ElementLocation$ElementFinder$2.findElement(ElementLocation.java:162)
	at org.openqa.selenium.remote.ElementLocation.findElement(ElementLocation.java:60)
	at org.openqa.selenium.remote.RemoteWebDriver.findElement(RemoteWebDriver.java:369)
	at org.openqa.selenium.remote.RemoteWebDriver.findElement(RemoteWebDriver.java:361)
	at org.openqa.selenium.support.pagefactory.DefaultElementLocator.findElement(DefaultElementLocator.java:70)
	at org.openqa.selenium.support.pagefactory.internal.LocatingElementHandler.invoke(LocatingElementHandler.java:39)
	at jdk.proxy2/jdk.proxy2.$Proxy19.isEnabled(Unknown Source)
	at pageObjects.BasePage.elementIsEnable(BasePage.java:103)
	at pageObjects.CraftBet_Header_Page.userIdLabelIsEnabled(CraftBet_Header_Page.java:49)
	at testCases.SignUpQuickRegisterTest.SignUpPopUpQuickRegisterWithMobilePositiveTest(SignUpQuickRegisterTest.java:255)

