<?xml version="1.0" encoding="UTF-8"?>
<testsuite name="TestSuite" time="85.243" tests="52" errors="0" skipped="0" failures="19">
  <properties>
    <property name="java.runtime.name" value="Java(TM) SE Runtime Environment"/>
    <property name="java.vm.version" value="17.0.2+8-LTS-86"/>
    <property name="sun.boot.library.path" value="C:\Program Files\Java\jdk-17.0.2\bin"/>
    <property name="maven.multiModuleProjectDirectory" value="D:\IQsoft\Git_craftBet_javaFrameworkMavenTestNG\CraftBet_MyFrameWork\CraftBet_JavaFrameWork\craftBetAutomation"/>
    <property name="java.vm.vendor" value="Oracle Corporation"/>
    <property name="java.vendor.url" value="https://java.oracle.com/"/>
    <property name="guice.disable.misplaced.annotation.check" value="true"/>
    <property name="path.separator" value=";"/>
    <property name="java.vm.name" value="Java HotSpot(TM) 64-Bit Server VM"/>
    <property name="sun.os.patch.level" value=""/>
    <property name="user.script" value=""/>
    <property name="user.country" value="US"/>
    <property name="sun.java.launcher" value="SUN_STANDARD"/>
    <property name="java.vm.specification.name" value="Java Virtual Machine Specification"/>
    <property name="user.dir" value="D:\IQsoft\Git_craftBet_javaFrameworkMavenTestNG\CraftBet_MyFrameWork\CraftBet_JavaFrameWork\craftBetAutomation"/>
    <property name="java.vm.compressedOopsMode" value="Zero based"/>
    <property name="java.runtime.version" value="17.0.2+8-LTS-86"/>
    <property name="os.arch" value="amd64"/>
    <property name="java.io.tmpdir" value="C:\Users\user\AppData\Local\Temp\"/>
    <property name="line.separator" value="&#10;"/>
    <property name="java.vm.specification.vendor" value="Oracle Corporation"/>
    <property name="user.variant" value=""/>
    <property name="os.name" value="Windows 10"/>
    <property name="classworlds.conf" value="C:\apache-maven-3.8.6-bin\apache-maven-3.8.6\bin\m2.conf"/>
    <property name="sun.jnu.encoding" value="Cp1252"/>
    <property name="java.library.path" value="C:\Program Files\Java\jdk-17.0.2\bin;C:\Windows\Sun\Java\bin;C:\Windows\system32;C:\Windows;C:\Program Files\Common Files\Oracle\Java\javapath;C:\Program Files (x86)\Siemens\Automation\SCADA-RT_V11\WinCC\Bin;C:\Program Files\Common Files\Siemens\Automation\Simatic OAM\bin;C:\Program Files (x86)\Common Files\Siemens\Bin;C:\Program Files (x86)\Common Files\Siemens\CommonArchiving;C:\Program Files (x86)\Common Files\Siemens\ACE\Bin;C:\Windows\system32;C:\Windows;C:\Windows\System32\Wbem;C:\Windows\System32\WindowsPowerShell\v1.0\;C:\Windows\System32\OpenSSH\;C:\Program Files (x86)\Common Files\Siemens\;C:\Program Files (x86)\Common Files\Siemens\Interfaces;C:\Program Files (x86)\Common Files\Siemens\ACE\Interfaces;C:\Program Files (x86)\Microsoft SQL Server\Client SDK\ODBC\110\Tools\Binn\;C:\Program Files (x86)\Microsoft SQL Server\120\Tools\Binn\;C:\Program Files (x86)\Microsoft SQL Server\120\DTS\Binn\;C:\Program Files (x86)\Siemens\Automation\SCADA-RT_V11\WinCC\Interfaces;C:\Program Files\nodejs\;C:\Program Files\Java\jdk-17.0.2\bin;C:\apache-maven-3.8.6-bin\apache-maven-3.8.6\bin;C:\Users\user\Desktop\QA_Engineer\3_Programs_and_Apps\gradle\gradle-7.4.1-bin\gradle-7.4.1\bin;C:\Users\user\Desktop\QA_Engineer\3_Programs_and_Apps\allure-commandline-2.17.3\allure-2.17.3\bin;C:\Users\user\AppData\Local\Android\Sdk\tools;C:\Users\user\AppData\Local\Android\Sdk\tools\bin;C:\Users\user\AppData\Local\Android\Sdk\platform-tools;C:\Users\user\AppData\Local\Android\Sdk\build-tools\32.1.0-rc1;C:\Users\user\AppData\Local\Android\Sdk\build-tools\32.1.0-rc1\lld-bin;C:\Users\user\AppData\Local\Android\Sdk\build-tools;C:\apache-maven-3.8.6-bin\apache-maven-3.8.6\;C:\apache-maven-3.8.6-bin\apache-maven-3.8.6\\bin;C:\Program Files\Git\cmd;C:\Program Files\MySQL\MySQL Shell 8.0\bin\;C:\Users\user\AppData\Local\Programs\Python\Python39\Scripts\;C:\Users\user\AppData\Local\Programs\Python\Python39\;C:\Users\user\AppData\Local\Microsoft\WindowsApps;C:\Users\user\AppData\Local\Programs\Microsoft VS Code\bin;C:\Program Files\JetBrains\IntelliJ IDEA Community Edition 2021.3.3\bin;;C:\Users\user\Desktop\QA_Engineer\3_Java_For_Selenium\gradle\gradle-7.4.1-bin\gradle-7.4.1\bin;C:\Users\user\AppData\Local\GitHubDesktop\bin;C:\Users\user\AppData\Roaming\npm;."/>
    <property name="maven.conf" value="C:\apache-maven-3.8.6-bin\apache-maven-3.8.6/conf"/>
    <property name="jdk.debug" value="release"/>
    <property name="java.class.version" value="61.0"/>
    <property name="java.specification.name" value="Java Platform API Specification"/>
    <property name="sun.management.compiler" value="HotSpot 64-Bit Tiered Compilers"/>
    <property name="os.version" value="10.0"/>
    <property name="library.jansi.path" value="C:\apache-maven-3.8.6-bin\apache-maven-3.8.6\lib\jansi-native"/>
    <property name="user.home" value="C:\Users\user"/>
    <property name="user.timezone" value="Asia/Yerevan"/>
    <property name="file.encoding" value="Cp1252"/>
    <property name="java.specification.version" value="17"/>
    <property name="user.name" value="user"/>
    <property name="java.class.path" value="C:\apache-maven-3.8.6-bin\apache-maven-3.8.6\boot\plexus-classworlds-2.6.0.jar"/>
    <property name="java.vm.specification.version" value="17"/>
    <property name="sun.arch.data.model" value="64"/>
    <property name="sun.java.command" value="org.codehaus.plexus.classworlds.launcher.Launcher clean install"/>
    <property name="java.home" value="C:\Program Files\Java\jdk-17.0.2"/>
    <property name="user.language" value="en"/>
    <property name="java.specification.vendor" value="Oracle Corporation"/>
    <property name="java.vm.info" value="mixed mode, sharing"/>
    <property name="java.version" value="17.0.2"/>
    <property name="native.encoding" value="Cp1252"/>
    <property name="java.vendor" value="Oracle Corporation"/>
    <property name="sun.stderr.encoding" value="cp437"/>
    <property name="maven.home" value="C:\apache-maven-3.8.6-bin\apache-maven-3.8.6"/>
    <property name="file.separator" value="\"/>
    <property name="java.version.date" value="2022-01-18"/>
    <property name="java.vendor.url.bug" value="https://bugreport.java.com/bugreport/"/>
    <property name="sun.io.unicode.encoding" value="UnicodeLittle"/>
    <property name="sun.cpu.endian" value="little"/>
    <property name="sun.stdout.encoding" value="cp437"/>
    <property name="sun.cpu.isalist" value="amd64"/>
  </properties>
  <testcase name="loginPopUpLabelsPresenceVerification_Test" classname="testCases.LoginPopUpTest" time="0.472"/>
  <testcase name="loginPopUpLogoPresenceVerification_Test" classname="testCases.LoginPopUpTest" time="0.075"/>
  <testcase name="loginPopUpCloseButtonFunctionality_Test" classname="testCases.LoginPopUpTest" time="0.652"/>
  <testcase name="loginPopUpEyeButtonFunctionality_Test" classname="testCases.LoginPopUpTest" time="0.254"/>
  <testcase name="loginPopUpRememberMeLabelClickAbility_Test" classname="testCases.LoginPopUpTest" time="0.193"/>
  <testcase name="loginPopUpCheckBoxClickAbility_Test" classname="testCases.LoginPopUpTest" time="0.185"/>
  <testcase name="loginPopUpForgotPasswordLink_Test" classname="testCases.LoginPopUpTest" time="0.13"/>
  <testcase name="loginPopUpSignUpLink_Test" classname="testCases.LoginPopUpTest" time="0.173"/>
  <testcase name="loginPopUpLogInPositiveTest" classname="testCases.LoginPopUpTest" time="1.503"/>
  <testcase name="loginPopUpLogInNegativeTest" classname="testCases.LoginPopUpTest" time="10.324"/>
  <testcase name="loginPopUpLogInNegativeTest" classname="testCases.LoginPopUpTest" time="2.602">
    <failure message="expected [false] but found [true]" type="java.lang.AssertionError">java.lang.AssertionError: expected [false] but found [true]
	at org.testng.Assert.fail(Assert.java:110)
	at org.testng.Assert.failNotEquals(Assert.java:1413)
	at org.testng.Assert.assertEqualsImpl(Assert.java:149)
	at org.testng.Assert.assertEquals(Assert.java:131)
	at org.testng.Assert.assertEquals(Assert.java:976)
	at org.testng.Assert.assertEquals(Assert.java:1010)
	at testCases.LoginPopUpTest.loginPopUpLogInNegativeTest(LoginPopUpTest.java:198)
</failure>
    <system-out><![CDATA[ INFO [main] (BaseTest.java:75)- Browser closed
 INFO [main] (DriverFactory.java:28)- Browser for test will be chrome as chosen
 INFO [main] (WebDriverManager.java:1197)- Using chromedriver 103.0.5060.53 (resolved driver for Chrome 103)
 INFO [main] (WebDriverManager.java:1252)- Exporting webdriver.chrome.driver as C:\Users\user\.cache\selenium\chromedriver\win32\103.0.5060.53\chromedriver.exe
 INFO [main] (BaseTest.java:52)- Header page elements are initialized
 INFO [main] (BaseTest.java:54)- Login_PopUp_Page login PopUp elements are initialized
 INFO [main] (BaseTest.java:56)- SignUp_PopUp_Page elements are initialized
 INFO [main] (BaseTest.java:58)- Footer Page elements are initialized
 INFO [main] (BaseTest.java:60)- Password recovery Page elements are initialized
 INFO [main] (BaseTest.java:62)- Casino Page elements are initialized
I am in onTestStart method loginPopUpLogInNegativeTest start
 INFO [main] (LoginPopUpTest.java:188)- username passed -->U1630370<--
 INFO [main] (LoginPopUpTest.java:190)- password passed -->N3HU3 <--
 INFO [main] (LoginPopUpTest.java:193)- Log In Button was clicked
I am in onTestFailure method loginPopUpLogInNegativeTest failed
Screenshot captured for test case:loginPopUpLogInNegativeTest
Screenshot taken
ERROR [main] (Reporting.java:88)- loginPopUpLogInNegativeTest--->  Fail
ERROR [main] (Reporting.java:89)- loginPopUpLogInNegativeTest------------------------------------------------
]]></system-out>
    <system-err><![CDATA[Starting ChromeDriver 103.0.5060.53 (a1711811edd74ff1cf2150f36ffa3b0dae40b17f-refs/branch-heads/5060@{#853}) on port 62126
Only local connections are allowed.
Please see https://chromedriver.chromium.org/security-considerations for suggestions on keeping ChromeDriver safe.
ChromeDriver was started successfully.
Jul 13, 2022 10:44:57 PM org.openqa.selenium.remote.ProtocolHandshake createSession
INFO: Detected upstream dialect: W3C
Jul 13, 2022 10:44:57 PM org.openqa.selenium.devtools.CdpVersionFinder findNearestMatch
WARNING: Unable to find an exact match for CDP version 103, so returning the closest version found: 102
Jul 13, 2022 10:44:57 PM org.openqa.selenium.devtools.CdpVersionFinder findNearestMatch
INFO: Found CDP implementation for version 103 of 102
]]></system-err>
  </testcase>
  <testcase name="loginPopUpLogInNegativeTest" classname="testCases.LoginPopUpTest" time="1.811">
    <failure message="expected [false] but found [true]" type="java.lang.AssertionError">java.lang.AssertionError: expected [false] but found [true]
	at org.testng.Assert.fail(Assert.java:110)
	at org.testng.Assert.failNotEquals(Assert.java:1413)
	at org.testng.Assert.assertEqualsImpl(Assert.java:149)
	at org.testng.Assert.assertEquals(Assert.java:131)
	at org.testng.Assert.assertEquals(Assert.java:976)
	at org.testng.Assert.assertEquals(Assert.java:1010)
	at testCases.LoginPopUpTest.loginPopUpLogInNegativeTest(LoginPopUpTest.java:198)
</failure>
    <system-out><![CDATA[ INFO [main] (BaseTest.java:75)- Browser closed
 INFO [main] (DriverFactory.java:28)- Browser for test will be chrome as chosen
 INFO [main] (WebDriverManager.java:1197)- Using chromedriver 103.0.5060.53 (resolved driver for Chrome 103)
 INFO [main] (WebDriverManager.java:1252)- Exporting webdriver.chrome.driver as C:\Users\user\.cache\selenium\chromedriver\win32\103.0.5060.53\chromedriver.exe
 INFO [main] (BaseTest.java:52)- Header page elements are initialized
 INFO [main] (BaseTest.java:54)- Login_PopUp_Page login PopUp elements are initialized
 INFO [main] (BaseTest.java:56)- SignUp_PopUp_Page elements are initialized
 INFO [main] (BaseTest.java:58)- Footer Page elements are initialized
 INFO [main] (BaseTest.java:60)- Password recovery Page elements are initialized
 INFO [main] (BaseTest.java:62)- Casino Page elements are initialized
I am in onTestStart method loginPopUpLogInNegativeTest start
 INFO [main] (LoginPopUpTest.java:188)- username passed -->U1630370<--
 INFO [main] (LoginPopUpTest.java:190)- password passed --> N3HU3<--
 INFO [main] (LoginPopUpTest.java:193)- Log In Button was clicked
I am in onTestFailure method loginPopUpLogInNegativeTest failed
Screenshot captured for test case:loginPopUpLogInNegativeTest
Screenshot taken
ERROR [main] (Reporting.java:88)- loginPopUpLogInNegativeTest--->  Fail
ERROR [main] (Reporting.java:89)- loginPopUpLogInNegativeTest------------------------------------------------
]]></system-out>
    <system-err><![CDATA[Starting ChromeDriver 103.0.5060.53 (a1711811edd74ff1cf2150f36ffa3b0dae40b17f-refs/branch-heads/5060@{#853}) on port 64753
Only local connections are allowed.
Please see https://chromedriver.chromium.org/security-considerations for suggestions on keeping ChromeDriver safe.
ChromeDriver was started successfully.
Jul 13, 2022 10:45:03 PM org.openqa.selenium.remote.ProtocolHandshake createSession
INFO: Detected upstream dialect: W3C
Jul 13, 2022 10:45:03 PM org.openqa.selenium.devtools.CdpVersionFinder findNearestMatch
WARNING: Unable to find an exact match for CDP version 103, so returning the closest version found: 102
Jul 13, 2022 10:45:03 PM org.openqa.selenium.devtools.CdpVersionFinder findNearestMatch
INFO: Found CDP implementation for version 103 of 102
]]></system-err>
  </testcase>
  <testcase name="loginPopUpLogInNegativeTest" classname="testCases.LoginPopUpTest" time="10.305"/>
  <testcase name="loginPopUpLogInNegativeTest" classname="testCases.LoginPopUpTest" time="10.336"/>
  <testcase name="loginPopUpLogInNegativeTest" classname="testCases.LoginPopUpTest" time="1.666">
    <failure message="expected [false] but found [true]" type="java.lang.AssertionError">java.lang.AssertionError: expected [false] but found [true]
	at org.testng.Assert.fail(Assert.java:110)
	at org.testng.Assert.failNotEquals(Assert.java:1413)
	at org.testng.Assert.assertEqualsImpl(Assert.java:149)
	at org.testng.Assert.assertEquals(Assert.java:131)
	at org.testng.Assert.assertEquals(Assert.java:976)
	at org.testng.Assert.assertEquals(Assert.java:1010)
	at testCases.LoginPopUpTest.loginPopUpLogInNegativeTest(LoginPopUpTest.java:198)
</failure>
    <system-out><![CDATA[ INFO [main] (BaseTest.java:75)- Browser closed
 INFO [main] (DriverFactory.java:28)- Browser for test will be chrome as chosen
 INFO [main] (WebDriverManager.java:1197)- Using chromedriver 103.0.5060.53 (resolved driver for Chrome 103)
 INFO [main] (WebDriverManager.java:1252)- Exporting webdriver.chrome.driver as C:\Users\user\.cache\selenium\chromedriver\win32\103.0.5060.53\chromedriver.exe
 INFO [main] (BaseTest.java:52)- Header page elements are initialized
 INFO [main] (BaseTest.java:54)- Login_PopUp_Page login PopUp elements are initialized
 INFO [main] (BaseTest.java:56)- SignUp_PopUp_Page elements are initialized
 INFO [main] (BaseTest.java:58)- Footer Page elements are initialized
 INFO [main] (BaseTest.java:60)- Password recovery Page elements are initialized
 INFO [main] (BaseTest.java:62)- Casino Page elements are initialized
I am in onTestStart method loginPopUpLogInNegativeTest start
 INFO [main] (LoginPopUpTest.java:188)- username passed -->U1630370 <--
 INFO [main] (LoginPopUpTest.java:190)- password passed -->N3HU3<--
 INFO [main] (LoginPopUpTest.java:193)- Log In Button was clicked
I am in onTestFailure method loginPopUpLogInNegativeTest failed
Screenshot captured for test case:loginPopUpLogInNegativeTest
Screenshot taken
ERROR [main] (Reporting.java:88)- loginPopUpLogInNegativeTest--->  Fail
ERROR [main] (Reporting.java:89)- loginPopUpLogInNegativeTest------------------------------------------------
]]></system-out>
    <system-err><![CDATA[Starting ChromeDriver 103.0.5060.53 (a1711811edd74ff1cf2150f36ffa3b0dae40b17f-refs/branch-heads/5060@{#853}) on port 63032
Only local connections are allowed.
Please see https://chromedriver.chromium.org/security-considerations for suggestions on keeping ChromeDriver safe.
ChromeDriver was started successfully.
Jul 13, 2022 10:45:36 PM org.openqa.selenium.remote.ProtocolHandshake createSession
INFO: Detected upstream dialect: W3C
Jul 13, 2022 10:45:36 PM org.openqa.selenium.devtools.CdpVersionFinder findNearestMatch
WARNING: Unable to find an exact match for CDP version 103, so returning the closest version found: 102
Jul 13, 2022 10:45:36 PM org.openqa.selenium.devtools.CdpVersionFinder findNearestMatch
INFO: Found CDP implementation for version 103 of 102
]]></system-err>
  </testcase>
  <testcase name="loginPopUpLogInNegativeTest" classname="testCases.LoginPopUpTest" time="2.543">
    <failure message="expected [false] but found [true]" type="java.lang.AssertionError">java.lang.AssertionError: expected [false] but found [true]
	at org.testng.Assert.fail(Assert.java:110)
	at org.testng.Assert.failNotEquals(Assert.java:1413)
	at org.testng.Assert.assertEqualsImpl(Assert.java:149)
	at org.testng.Assert.assertEquals(Assert.java:131)
	at org.testng.Assert.assertEquals(Assert.java:976)
	at org.testng.Assert.assertEquals(Assert.java:1010)
	at testCases.LoginPopUpTest.loginPopUpLogInNegativeTest(LoginPopUpTest.java:198)
</failure>
    <system-out><![CDATA[ INFO [main] (BaseTest.java:75)- Browser closed
 INFO [main] (DriverFactory.java:28)- Browser for test will be chrome as chosen
 INFO [main] (WebDriverManager.java:1197)- Using chromedriver 103.0.5060.53 (resolved driver for Chrome 103)
 INFO [main] (WebDriverManager.java:1252)- Exporting webdriver.chrome.driver as C:\Users\user\.cache\selenium\chromedriver\win32\103.0.5060.53\chromedriver.exe
 INFO [main] (BaseTest.java:52)- Header page elements are initialized
 INFO [main] (BaseTest.java:54)- Login_PopUp_Page login PopUp elements are initialized
 INFO [main] (BaseTest.java:56)- SignUp_PopUp_Page elements are initialized
 INFO [main] (BaseTest.java:58)- Footer Page elements are initialized
 INFO [main] (BaseTest.java:60)- Password recovery Page elements are initialized
 INFO [main] (BaseTest.java:62)- Casino Page elements are initialized
I am in onTestStart method loginPopUpLogInNegativeTest start
 INFO [main] (LoginPopUpTest.java:188)- username passed -->U163 0370<--
 INFO [main] (LoginPopUpTest.java:190)- password passed -->N3HU3<--
 INFO [main] (LoginPopUpTest.java:193)- Log In Button was clicked
I am in onTestFailure method loginPopUpLogInNegativeTest failed
Screenshot captured for test case:loginPopUpLogInNegativeTest
Screenshot taken
ERROR [main] (Reporting.java:88)- loginPopUpLogInNegativeTest--->  Fail
ERROR [main] (Reporting.java:89)- loginPopUpLogInNegativeTest------------------------------------------------
]]></system-out>
    <system-err><![CDATA[Starting ChromeDriver 103.0.5060.53 (a1711811edd74ff1cf2150f36ffa3b0dae40b17f-refs/branch-heads/5060@{#853}) on port 57021
Only local connections are allowed.
Please see https://chromedriver.chromium.org/security-considerations for suggestions on keeping ChromeDriver safe.
ChromeDriver was started successfully.
Jul 13, 2022 10:45:41 PM org.openqa.selenium.remote.ProtocolHandshake createSession
INFO: Detected upstream dialect: W3C
Jul 13, 2022 10:45:41 PM org.openqa.selenium.devtools.CdpVersionFinder findNearestMatch
WARNING: Unable to find an exact match for CDP version 103, so returning the closest version found: 102
Jul 13, 2022 10:45:41 PM org.openqa.selenium.devtools.CdpVersionFinder findNearestMatch
INFO: Found CDP implementation for version 103 of 102
]]></system-err>
  </testcase>
  <testcase name="loginPopUpLogInNegativeTest" classname="testCases.LoginPopUpTest" time="1.747">
    <failure message="expected [false] but found [true]" type="java.lang.AssertionError">java.lang.AssertionError: expected [false] but found [true]
	at org.testng.Assert.fail(Assert.java:110)
	at org.testng.Assert.failNotEquals(Assert.java:1413)
	at org.testng.Assert.assertEqualsImpl(Assert.java:149)
	at org.testng.Assert.assertEquals(Assert.java:131)
	at org.testng.Assert.assertEquals(Assert.java:976)
	at org.testng.Assert.assertEquals(Assert.java:1010)
	at testCases.LoginPopUpTest.loginPopUpLogInNegativeTest(LoginPopUpTest.java:198)
</failure>
    <system-out><![CDATA[ INFO [main] (BaseTest.java:75)- Browser closed
 INFO [main] (DriverFactory.java:28)- Browser for test will be chrome as chosen
 INFO [main] (WebDriverManager.java:1197)- Using chromedriver 103.0.5060.53 (resolved driver for Chrome 103)
 INFO [main] (WebDriverManager.java:1252)- Exporting webdriver.chrome.driver as C:\Users\user\.cache\selenium\chromedriver\win32\103.0.5060.53\chromedriver.exe
 INFO [main] (BaseTest.java:52)- Header page elements are initialized
 INFO [main] (BaseTest.java:54)- Login_PopUp_Page login PopUp elements are initialized
 INFO [main] (BaseTest.java:56)- SignUp_PopUp_Page elements are initialized
 INFO [main] (BaseTest.java:58)- Footer Page elements are initialized
 INFO [main] (BaseTest.java:60)- Password recovery Page elements are initialized
 INFO [main] (BaseTest.java:62)- Casino Page elements are initialized
I am in onTestStart method loginPopUpLogInNegativeTest start
 INFO [main] (LoginPopUpTest.java:188)- username passed --> U1630370<--
 INFO [main] (LoginPopUpTest.java:190)- password passed -->N3HU3<--
 INFO [main] (LoginPopUpTest.java:193)- Log In Button was clicked
I am in onTestFailure method loginPopUpLogInNegativeTest failed
Screenshot captured for test case:loginPopUpLogInNegativeTest
Screenshot taken
ERROR [main] (Reporting.java:88)- loginPopUpLogInNegativeTest--->  Fail
ERROR [main] (Reporting.java:89)- loginPopUpLogInNegativeTest------------------------------------------------
]]></system-out>
    <system-err><![CDATA[Starting ChromeDriver 103.0.5060.53 (a1711811edd74ff1cf2150f36ffa3b0dae40b17f-refs/branch-heads/5060@{#853}) on port 59101
Only local connections are allowed.
Please see https://chromedriver.chromium.org/security-considerations for suggestions on keeping ChromeDriver safe.
ChromeDriver was started successfully.
Jul 13, 2022 10:45:48 PM org.openqa.selenium.remote.ProtocolHandshake createSession
INFO: Detected upstream dialect: W3C
Jul 13, 2022 10:45:48 PM org.openqa.selenium.devtools.CdpVersionFinder findNearestMatch
WARNING: Unable to find an exact match for CDP version 103, so returning the closest version found: 102
Jul 13, 2022 10:45:48 PM org.openqa.selenium.devtools.CdpVersionFinder findNearestMatch
INFO: Found CDP implementation for version 103 of 102
]]></system-err>
  </testcase>
  <testcase name="loginPopUpLogInNegativeTest" classname="testCases.LoginPopUpTest" time="30.321"/>
  <testcase name="loginPopUpLogInNegativeTest" classname="testCases.LoginPopUpTest" time="10.402"/>
  <testcase name="loginPopUpErrorMessageValidationInvalidUsername" classname="testCases.LoginPopUpTest" time="1.277"/>
  <testcase name="loginPopUpErrorMessageValidationInvalidPassword" classname="testCases.LoginPopUpTest" time="1.264"/>
  <testcase name="RecoveryPopUpLabelsPresenceVerification_Test" classname="testCases.PasswordRecoveryTest" time="0.68"/>
  <testcase name="RecoveryPopUpLogoPresenceVerification_Test" classname="testCases.PasswordRecoveryTest" time="0.019"/>
  <testcase name="RecoveryPopUpSupportLink_Test" classname="testCases.PasswordRecoveryTest" time="0.625">
    <failure message="did not expect [https://craftbet.com/forgot-password] but found [https://craftbet.com/forgot-password]" type="java.lang.AssertionError">java.lang.AssertionError: did not expect [https://craftbet.com/forgot-password] but found [https://craftbet.com/forgot-password]
	at org.testng.Assert.fail(Assert.java:110)
	at org.testng.Assert.failEquals(Assert.java:1417)
	at org.testng.Assert.assertNotEqualsImpl(Assert.java:156)
	at org.testng.Assert.assertNotEquals(Assert.java:2033)
	at org.testng.Assert.assertNotEquals(Assert.java:2055)
	at testCases.PasswordRecoveryTest.RecoveryPopUpSupportLink_Test(PasswordRecoveryTest.java:78)
</failure>
    <system-out><![CDATA[ INFO [main] (BaseTest.java:75)- Browser closed
 INFO [main] (DriverFactory.java:28)- Browser for test will be chrome as chosen
 INFO [main] (WebDriverManager.java:1197)- Using chromedriver 103.0.5060.53 (resolved driver for Chrome 103)
 INFO [main] (WebDriverManager.java:1252)- Exporting webdriver.chrome.driver as C:\Users\user\.cache\selenium\chromedriver\win32\103.0.5060.53\chromedriver.exe
 INFO [main] (BaseTest.java:52)- Header page elements are initialized
 INFO [main] (BaseTest.java:54)- Login_PopUp_Page login PopUp elements are initialized
 INFO [main] (BaseTest.java:56)- SignUp_PopUp_Page elements are initialized
 INFO [main] (BaseTest.java:58)- Footer Page elements are initialized
 INFO [main] (BaseTest.java:60)- Password recovery Page elements are initialized
 INFO [main] (BaseTest.java:62)- Casino Page elements are initialized
I am in onTestStart method RecoveryPopUpSupportLink_Test start
 INFO [main] (PasswordRecoveryTest.java:73)- Password recovery page url captured
 INFO [main] (PasswordRecoveryTest.java:75)- Password recovery page support link clicked
 INFO [main] (PasswordRecoveryTest.java:77)- Support page url captured
I am in onTestFailure method RecoveryPopUpSupportLink_Test failed
Screenshot captured for test case:RecoveryPopUpSupportLink_Test
Screenshot taken
ERROR [main] (Reporting.java:88)- RecoveryPopUpSupportLink_Test--->  Fail
ERROR [main] (Reporting.java:89)- RecoveryPopUpSupportLink_Test------------------------------------------------
]]></system-out>
    <system-err><![CDATA[Starting ChromeDriver 103.0.5060.53 (a1711811edd74ff1cf2150f36ffa3b0dae40b17f-refs/branch-heads/5060@{#853}) on port 52238
Only local connections are allowed.
Please see https://chromedriver.chromium.org/security-considerations for suggestions on keeping ChromeDriver safe.
ChromeDriver was started successfully.
Jul 13, 2022 10:46:57 PM org.openqa.selenium.remote.ProtocolHandshake createSession
INFO: Detected upstream dialect: W3C
Jul 13, 2022 10:46:57 PM org.openqa.selenium.devtools.CdpVersionFinder findNearestMatch
WARNING: Unable to find an exact match for CDP version 103, so returning the closest version found: 102
Jul 13, 2022 10:46:57 PM org.openqa.selenium.devtools.CdpVersionFinder findNearestMatch
INFO: Found CDP implementation for version 103 of 102
]]></system-err>
  </testcase>
  <testcase name="RecoveryPopUpPositiveTest" classname="testCases.PasswordRecoveryTest" time="0.976"/>
  <testcase name="RecoveryPopUpNegativeTest" classname="testCases.PasswordRecoveryTest" time="0.651"/>
  <testcase name="RecoveryPopUpNegativeTest" classname="testCases.PasswordRecoveryTest" time="0.662"/>
  <testcase name="RecoveryPopUpNegativeTest" classname="testCases.PasswordRecoveryTest" time="0.772"/>
  <testcase name="RecoveryPopUpNegativeTest" classname="testCases.PasswordRecoveryTest" time="0.655"/>
  <testcase name="RecoveryPopUpNegativeTest" classname="testCases.PasswordRecoveryTest" time="0.655"/>
  <testcase name="RecoveryPopUpNegativeTest" classname="testCases.PasswordRecoveryTest" time="0.789"/>
  <testcase name="SignUpPopUpQuickRegisterLabelsPresenceVerification_Test" classname="testCases.SignUpQuickRegisterTest" time="16.473">
    <failure message="The following asserts failed:&#10;	expected [REGISTER] but found [Cant find element buttonRegisterQ],&#10;	expected [Already have an account? Log In] but found [Cant find element labelAlreadyHaveAnAccount],&#10;	expected [Safe and Secure] but found [Cant find element labelSafeAndSecure]" type="java.lang.AssertionError">java.lang.AssertionError: The following asserts failed:
	expected [REGISTER] but found [Cant find element buttonRegisterQ],
	expected [Already have an account? Log In] but found [Cant find element labelAlreadyHaveAnAccount],
	expected [Safe and Secure] but found [Cant find element labelSafeAndSecure]
	at org.testng.asserts.SoftAssert.assertAll(SoftAssert.java:46)
	at org.testng.asserts.SoftAssert.assertAll(SoftAssert.java:30)
	at testCases.SignUpQuickRegisterTest.SignUpPopUpQuickRegisterLabelsPresenceVerification_Test(SignUpQuickRegisterTest.java:96)
</failure>
    <system-out><![CDATA[ INFO [main] (BaseTest.java:75)- Browser closed
 INFO [main] (DriverFactory.java:28)- Browser for test will be chrome as chosen
 INFO [main] (WebDriverManager.java:1197)- Using chromedriver 103.0.5060.53 (resolved driver for Chrome 103)
 INFO [main] (WebDriverManager.java:1252)- Exporting webdriver.chrome.driver as C:\Users\user\.cache\selenium\chromedriver\win32\103.0.5060.53\chromedriver.exe
 INFO [main] (BaseTest.java:52)- Header page elements are initialized
 INFO [main] (BaseTest.java:54)- Login_PopUp_Page login PopUp elements are initialized
 INFO [main] (BaseTest.java:56)- SignUp_PopUp_Page elements are initialized
 INFO [main] (BaseTest.java:58)- Footer Page elements are initialized
 INFO [main] (BaseTest.java:60)- Password recovery Page elements are initialized
 INFO [main] (BaseTest.java:62)- Casino Page elements are initialized
I am in onTestStart method SignUpPopUpQuickRegisterLabelsPresenceVerification_Test start
 INFO [main] (SignUpQuickRegisterTest.java:27)- Title Captured: Quick Register
 INFO [main] (SignUpQuickRegisterTest.java:29)- actEmailDropDownLabel Captured: Register By
 INFO [main] (SignUpQuickRegisterTest.java:31)- actEmailInputLabel Captured: Email
 INFO [main] (SignUpQuickRegisterTest.java:33)- actCurrencyLabel Captured: Currency
 INFO [main] (SignUpQuickRegisterTest.java:35)- actTermsLabel Captured: I have 1read and accept the Terms & Conditions and Privacy Policy and I agree that I am at least 21 years of age.
 INFO [main] (SignUpQuickRegisterTest.java:37)- actRegisterButtonText Captured: Cant find element buttonRegisterQ
 INFO [main] (SignUpQuickRegisterTest.java:39)- actAlreadyHaveAccount Captured: Cant find element labelAlreadyHaveAnAccount
 INFO [main] (SignUpQuickRegisterTest.java:41)- actPleaseFillLabel Captured: Please fill in all fields of this form.
 INFO [main] (SignUpQuickRegisterTest.java:43)- actSwitchButtonLabel Captured: Full Register
 INFO [main] (SignUpQuickRegisterTest.java:45)- actThisSiteProtected Captured: This site is protected by recaptcha and the Google Privacy Policy and Terms of Service apply. Select a social network and permit the use of your profile info for Craftbet registration
 INFO [main] (SignUpQuickRegisterTest.java:47)- actSafeAndSecureLabel Captured: Cant find element labelSafeAndSecure
 INFO [main] (SignUpQuickRegisterTest.java:50)- Title expected: Quick Register
 INFO [main] (SignUpQuickRegisterTest.java:52)- Email Drop Down expected label: Register By
 INFO [main] (SignUpQuickRegisterTest.java:54)- Email input expected label: Email
 INFO [main] (SignUpQuickRegisterTest.java:56)- Currency drop down expected label: Currency
 INFO [main] (SignUpQuickRegisterTest.java:58)- Terms and Conditions expected label: I have 1read and accept the Terms & Conditions and Privacy Policy and I agree that I am at least 21 years of age.
 INFO [main] (SignUpQuickRegisterTest.java:60)- RegisterButton expected label: REGISTER
 INFO [main] (SignUpQuickRegisterTest.java:62)- AlreadyHaveAccount expected label: Already have an account? Log In
 INFO [main] (SignUpQuickRegisterTest.java:64)- Please fill expected label: Please fill in all fields of this form.
 INFO [main] (SignUpQuickRegisterTest.java:66)- Please fill expected label: Full Register
 INFO [main] (SignUpQuickRegisterTest.java:68)- expectedThisSiteProtected: This site is protected by recaptcha and the Google Privacy Policy and Terms of Service apply. Select a social network and permit the use of your profile info for Craftbet registration
 INFO [main] (SignUpQuickRegisterTest.java:70)- expectedSafeAndSecureLabel: Safe and Secure
 INFO [main] (SignUpQuickRegisterTest.java:74)- Title checked
 INFO [main] (SignUpQuickRegisterTest.java:76)- Email DropDown label checked
 INFO [main] (SignUpQuickRegisterTest.java:78)- Email input label checked
 INFO [main] (SignUpQuickRegisterTest.java:80)- Currency drop down label checked
 INFO [main] (SignUpQuickRegisterTest.java:82)- Terms and Conditions input label checked
 INFO [main] (SignUpQuickRegisterTest.java:84)- Register button label checked
 INFO [main] (SignUpQuickRegisterTest.java:86)- AlreadyHaveAccount label checked
 INFO [main] (SignUpQuickRegisterTest.java:88)- PleaseFillLabel label checked
 INFO [main] (SignUpQuickRegisterTest.java:90)- SwitchButtonLabel label checked
 INFO [main] (SignUpQuickRegisterTest.java:92)- ThisSiteProtected label checked
 INFO [main] (SignUpQuickRegisterTest.java:94)- SafeAndSecureLabel label checked
I am in onTestFailure method SignUpPopUpQuickRegisterLabelsPresenceVerification_Test failed
Screenshot captured for test case:SignUpPopUpQuickRegisterLabelsPresenceVerification_Test
Screenshot taken
ERROR [main] (Reporting.java:88)- SignUpPopUpQuickRegisterLabelsPresenceVerification_Test--->  Fail
ERROR [main] (Reporting.java:89)- SignUpPopUpQuickRegisterLabelsPresenceVerification_Test------------------------------------------------
]]></system-out>
    <system-err><![CDATA[Starting ChromeDriver 103.0.5060.53 (a1711811edd74ff1cf2150f36ffa3b0dae40b17f-refs/branch-heads/5060@{#853}) on port 50381
Only local connections are allowed.
Please see https://chromedriver.chromium.org/security-considerations for suggestions on keeping ChromeDriver safe.
ChromeDriver was started successfully.
Jul 13, 2022 10:47:31 PM org.openqa.selenium.remote.ProtocolHandshake createSession
INFO: Detected upstream dialect: W3C
Jul 13, 2022 10:47:31 PM org.openqa.selenium.devtools.CdpVersionFinder findNearestMatch
WARNING: Unable to find an exact match for CDP version 103, so returning the closest version found: 102
Jul 13, 2022 10:47:31 PM org.openqa.selenium.devtools.CdpVersionFinder findNearestMatch
INFO: Found CDP implementation for version 103 of 102
]]></system-err>
  </testcase>
  <testcase name="SignUpPopUpQuickRegisterLogoPresenceVerification_Test" classname="testCases.SignUpQuickRegisterTest" time="0.589">
    <failure message="The following asserts failed:&#10;	expected [REGISTER] but found [Cant find element buttonRegisterQ],&#10;	expected [Already have an account? Log In] but found [Cant find element labelAlreadyHaveAnAccount],&#10;	expected [Safe and Secure] but found [Cant find element labelSafeAndSecure]" type="java.lang.AssertionError">java.lang.AssertionError: The following asserts failed:
	expected [REGISTER] but found [Cant find element buttonRegisterQ],
	expected [Already have an account? Log In] but found [Cant find element labelAlreadyHaveAnAccount],
	expected [Safe and Secure] but found [Cant find element labelSafeAndSecure]
	at org.testng.asserts.SoftAssert.assertAll(SoftAssert.java:46)
	at org.testng.asserts.SoftAssert.assertAll(SoftAssert.java:30)
	at testCases.SignUpQuickRegisterTest.SignUpPopUpQuickRegisterLogoPresenceVerification_Test(SignUpQuickRegisterTest.java:107)
</failure>
    <system-out><![CDATA[ INFO [main] (BaseTest.java:75)- Browser closed
 INFO [main] (DriverFactory.java:28)- Browser for test will be chrome as chosen
 INFO [main] (WebDriverManager.java:1197)- Using chromedriver 103.0.5060.53 (resolved driver for Chrome 103)
 INFO [main] (WebDriverManager.java:1252)- Exporting webdriver.chrome.driver as C:\Users\user\.cache\selenium\chromedriver\win32\103.0.5060.53\chromedriver.exe
 INFO [main] (BaseTest.java:52)- Header page elements are initialized
 INFO [main] (BaseTest.java:54)- Login_PopUp_Page login PopUp elements are initialized
 INFO [main] (BaseTest.java:56)- SignUp_PopUp_Page elements are initialized
 INFO [main] (BaseTest.java:58)- Footer Page elements are initialized
 INFO [main] (BaseTest.java:60)- Password recovery Page elements are initialized
 INFO [main] (BaseTest.java:62)- Casino Page elements are initialized
I am in onTestStart method SignUpPopUpQuickRegisterLogoPresenceVerification_Test start
 INFO [main] (SignUpQuickRegisterTest.java:104)- Background photo existence checked
 INFO [main] (SignUpQuickRegisterTest.java:106)- Logo existence checked
I am in onTestFailure method SignUpPopUpQuickRegisterLogoPresenceVerification_Test failed
Screenshot captured for test case:SignUpPopUpQuickRegisterLogoPresenceVerification_Test
Screenshot taken
ERROR [main] (Reporting.java:88)- SignUpPopUpQuickRegisterLogoPresenceVerification_Test--->  Fail
ERROR [main] (Reporting.java:89)- SignUpPopUpQuickRegisterLogoPresenceVerification_Test------------------------------------------------
]]></system-out>
    <system-err><![CDATA[Starting ChromeDriver 103.0.5060.53 (a1711811edd74ff1cf2150f36ffa3b0dae40b17f-refs/branch-heads/5060@{#853}) on port 57271
Only local connections are allowed.
Please see https://chromedriver.chromium.org/security-considerations for suggestions on keeping ChromeDriver safe.
ChromeDriver was started successfully.
Jul 13, 2022 10:47:52 PM org.openqa.selenium.remote.ProtocolHandshake createSession
INFO: Detected upstream dialect: W3C
Jul 13, 2022 10:47:52 PM org.openqa.selenium.devtools.CdpVersionFinder findNearestMatch
WARNING: Unable to find an exact match for CDP version 103, so returning the closest version found: 102
Jul 13, 2022 10:47:52 PM org.openqa.selenium.devtools.CdpVersionFinder findNearestMatch
INFO: Found CDP implementation for version 103 of 102
]]></system-err>
  </testcase>
  <testcase name="SignUpPopUpQuickRegisterRegisterByDropDownVerification_Test" classname="testCases.SignUpQuickRegisterTest" time="0.667">
    <failure message="The following asserts failed:&#10;	expected [REGISTER] but found [Cant find element buttonRegisterQ],&#10;	expected [Already have an account? Log In] but found [Cant find element labelAlreadyHaveAnAccount],&#10;	expected [Safe and Secure] but found [Cant find element labelSafeAndSecure]" type="java.lang.AssertionError">java.lang.AssertionError: The following asserts failed:
	expected [REGISTER] but found [Cant find element buttonRegisterQ],
	expected [Already have an account? Log In] but found [Cant find element labelAlreadyHaveAnAccount],
	expected [Safe and Secure] but found [Cant find element labelSafeAndSecure]
	at org.testng.asserts.SoftAssert.assertAll(SoftAssert.java:46)
	at org.testng.asserts.SoftAssert.assertAll(SoftAssert.java:30)
	at testCases.SignUpQuickRegisterTest.SignUpPopUpQuickRegisterRegisterByDropDownVerification_Test(SignUpQuickRegisterTest.java:122)
</failure>
    <system-out><![CDATA[ INFO [main] (BaseTest.java:75)- Browser closed
 INFO [main] (DriverFactory.java:28)- Browser for test will be chrome as chosen
 INFO [main] (WebDriverManager.java:1197)- Using chromedriver 103.0.5060.53 (resolved driver for Chrome 103)
 INFO [main] (WebDriverManager.java:1252)- Exporting webdriver.chrome.driver as C:\Users\user\.cache\selenium\chromedriver\win32\103.0.5060.53\chromedriver.exe
 INFO [main] (BaseTest.java:52)- Header page elements are initialized
 INFO [main] (BaseTest.java:54)- Login_PopUp_Page login PopUp elements are initialized
 INFO [main] (BaseTest.java:56)- SignUp_PopUp_Page elements are initialized
 INFO [main] (BaseTest.java:58)- Footer Page elements are initialized
 INFO [main] (BaseTest.java:60)- Password recovery Page elements are initialized
 INFO [main] (BaseTest.java:62)- Casino Page elements are initialized
I am in onTestStart method SignUpPopUpQuickRegisterRegisterByDropDownVerification_Test start
 INFO [main] (SignUpQuickRegisterTest.java:115)- From Email/Mobile DropDown select Email
 INFO [main] (SignUpQuickRegisterTest.java:117)- From Email Input get text
 INFO [main] (SignUpQuickRegisterTest.java:119)- From Email/Mobile DropDown select Mobile
 INFO [main] (SignUpQuickRegisterTest.java:121)- From Mobile Input get text
I am in onTestFailure method SignUpPopUpQuickRegisterRegisterByDropDownVerification_Test failed
Screenshot captured for test case:SignUpPopUpQuickRegisterRegisterByDropDownVerification_Test
Screenshot taken
ERROR [main] (Reporting.java:88)- SignUpPopUpQuickRegisterRegisterByDropDownVerification_Test--->  Fail
ERROR [main] (Reporting.java:89)- SignUpPopUpQuickRegisterRegisterByDropDownVerification_Test------------------------------------------------
]]></system-out>
    <system-err><![CDATA[Starting ChromeDriver 103.0.5060.53 (a1711811edd74ff1cf2150f36ffa3b0dae40b17f-refs/branch-heads/5060@{#853}) on port 51057
Only local connections are allowed.
Please see https://chromedriver.chromium.org/security-considerations for suggestions on keeping ChromeDriver safe.
ChromeDriver was started successfully.
Jul 13, 2022 10:47:56 PM org.openqa.selenium.remote.ProtocolHandshake createSession
INFO: Detected upstream dialect: W3C
Jul 13, 2022 10:47:56 PM org.openqa.selenium.devtools.CdpVersionFinder findNearestMatch
WARNING: Unable to find an exact match for CDP version 103, so returning the closest version found: 102
Jul 13, 2022 10:47:56 PM org.openqa.selenium.devtools.CdpVersionFinder findNearestMatch
INFO: Found CDP implementation for version 103 of 102
]]></system-err>
  </testcase>
  <testcase name="SignUpPopUpQuickRegisterCurrencyDropDownVerification_Test" classname="testCases.SignUpQuickRegisterTest" time="1.069">
    <failure message="The following asserts failed:&#10;	expected [REGISTER] but found [Cant find element buttonRegisterQ],&#10;	expected [Already have an account? Log In] but found [Cant find element labelAlreadyHaveAnAccount],&#10;	expected [Safe and Secure] but found [Cant find element labelSafeAndSecure]" type="java.lang.AssertionError">java.lang.AssertionError: The following asserts failed:
	expected [REGISTER] but found [Cant find element buttonRegisterQ],
	expected [Already have an account? Log In] but found [Cant find element labelAlreadyHaveAnAccount],
	expected [Safe and Secure] but found [Cant find element labelSafeAndSecure]
	at org.testng.asserts.SoftAssert.assertAll(SoftAssert.java:46)
	at org.testng.asserts.SoftAssert.assertAll(SoftAssert.java:30)
	at testCases.SignUpQuickRegisterTest.SignUpPopUpQuickRegisterCurrencyDropDownVerification_Test(SignUpQuickRegisterTest.java:141)
</failure>
    <system-out><![CDATA[ INFO [main] (BaseTest.java:75)- Browser closed
 INFO [main] (DriverFactory.java:28)- Browser for test will be chrome as chosen
 INFO [main] (WebDriverManager.java:1197)- Using chromedriver 103.0.5060.53 (resolved driver for Chrome 103)
 INFO [main] (WebDriverManager.java:1252)- Exporting webdriver.chrome.driver as C:\Users\user\.cache\selenium\chromedriver\win32\103.0.5060.53\chromedriver.exe
 INFO [main] (BaseTest.java:52)- Header page elements are initialized
 INFO [main] (BaseTest.java:54)- Login_PopUp_Page login PopUp elements are initialized
 INFO [main] (BaseTest.java:56)- SignUp_PopUp_Page elements are initialized
 INFO [main] (BaseTest.java:58)- Footer Page elements are initialized
 INFO [main] (BaseTest.java:60)- Password recovery Page elements are initialized
 INFO [main] (BaseTest.java:62)- Casino Page elements are initialized
I am in onTestStart method SignUpPopUpQuickRegisterCurrencyDropDownVerification_Test start
 INFO [main] (SignUpQuickRegisterTest.java:130)- From Currency DropDown select AMD
 INFO [main] (SignUpQuickRegisterTest.java:132)- From Currency DropDown getting text
 INFO [main] (SignUpQuickRegisterTest.java:134)- From Currency DropDown select EUR
 INFO [main] (SignUpQuickRegisterTest.java:136)- From Currency DropDown getting text
 INFO [main] (SignUpQuickRegisterTest.java:138)- From Currency DropDown select USD
 INFO [main] (SignUpQuickRegisterTest.java:140)- From Currency DropDown getting text
I am in onTestFailure method SignUpPopUpQuickRegisterCurrencyDropDownVerification_Test failed
Screenshot captured for test case:SignUpPopUpQuickRegisterCurrencyDropDownVerification_Test
Screenshot taken
ERROR [main] (Reporting.java:88)- SignUpPopUpQuickRegisterCurrencyDropDownVerification_Test--->  Fail
ERROR [main] (Reporting.java:89)- SignUpPopUpQuickRegisterCurrencyDropDownVerification_Test------------------------------------------------
]]></system-out>
    <system-err><![CDATA[Starting ChromeDriver 103.0.5060.53 (a1711811edd74ff1cf2150f36ffa3b0dae40b17f-refs/branch-heads/5060@{#853}) on port 54960
Only local connections are allowed.
Please see https://chromedriver.chromium.org/security-considerations for suggestions on keeping ChromeDriver safe.
ChromeDriver was started successfully.
Jul 13, 2022 10:48:00 PM org.openqa.selenium.remote.ProtocolHandshake createSession
INFO: Detected upstream dialect: W3C
Jul 13, 2022 10:48:00 PM org.openqa.selenium.devtools.CdpVersionFinder findNearestMatch
WARNING: Unable to find an exact match for CDP version 103, so returning the closest version found: 102
Jul 13, 2022 10:48:00 PM org.openqa.selenium.devtools.CdpVersionFinder findNearestMatch
INFO: Found CDP implementation for version 103 of 102
]]></system-err>
  </testcase>
  <testcase name="SignUpPopUpCloseButtonFunctionality" classname="testCases.SignUpQuickRegisterTest" time="0.628"/>
  <testcase name="SignUpPopUpQuickRegisterRegisterPrivacyPolicy" classname="testCases.SignUpQuickRegisterTest" time="0.708">
    <failure message="The following asserts failed:&#10;	expected [REGISTER] but found [Cant find element buttonRegisterQ],&#10;	expected [Already have an account? Log In] but found [Cant find element labelAlreadyHaveAnAccount],&#10;	expected [Safe and Secure] but found [Cant find element labelSafeAndSecure]" type="java.lang.AssertionError">java.lang.AssertionError: The following asserts failed:
	expected [REGISTER] but found [Cant find element buttonRegisterQ],
	expected [Already have an account? Log In] but found [Cant find element labelAlreadyHaveAnAccount],
	expected [Safe and Secure] but found [Cant find element labelSafeAndSecure]
	at org.testng.asserts.SoftAssert.assertAll(SoftAssert.java:46)
	at org.testng.asserts.SoftAssert.assertAll(SoftAssert.java:30)
	at testCases.SignUpQuickRegisterTest.SignUpPopUpQuickRegisterRegisterPrivacyPolicy(SignUpQuickRegisterTest.java:158)
</failure>
    <system-out><![CDATA[ INFO [main] (BaseTest.java:75)- Browser closed
 INFO [main] (DriverFactory.java:28)- Browser for test will be chrome as chosen
 INFO [main] (WebDriverManager.java:1197)- Using chromedriver 103.0.5060.53 (resolved driver for Chrome 103)
 INFO [main] (WebDriverManager.java:1252)- Exporting webdriver.chrome.driver as C:\Users\user\.cache\selenium\chromedriver\win32\103.0.5060.53\chromedriver.exe
 INFO [main] (BaseTest.java:52)- Header page elements are initialized
 INFO [main] (BaseTest.java:54)- Login_PopUp_Page login PopUp elements are initialized
 INFO [main] (BaseTest.java:56)- SignUp_PopUp_Page elements are initialized
 INFO [main] (BaseTest.java:58)- Footer Page elements are initialized
 INFO [main] (BaseTest.java:60)- Password recovery Page elements are initialized
 INFO [main] (BaseTest.java:62)- Casino Page elements are initialized
I am in onTestStart method SignUpPopUpQuickRegisterRegisterPrivacyPolicy start
 INFO [main] (SignUpQuickRegisterTest.java:149)- Email was selected From Email/Mobile DropDown 
 INFO [main] (SignUpQuickRegisterTest.java:151)- valid email was generated and passed 
 INFO [main] (SignUpQuickRegisterTest.java:153)- Register button activity checked without clicking on TermsAndConditions checkbox 
 INFO [main] (SignUpQuickRegisterTest.java:155)- Terms and conditions checkbox was selected
 INFO [main] (SignUpQuickRegisterTest.java:157)- Register button activity checked with clicking on TermsAndConditions checkbox
I am in onTestFailure method SignUpPopUpQuickRegisterRegisterPrivacyPolicy failed
Screenshot captured for test case:SignUpPopUpQuickRegisterRegisterPrivacyPolicy
Screenshot taken
ERROR [main] (Reporting.java:88)- SignUpPopUpQuickRegisterRegisterPrivacyPolicy--->  Fail
ERROR [main] (Reporting.java:89)- SignUpPopUpQuickRegisterRegisterPrivacyPolicy------------------------------------------------
]]></system-out>
    <system-err><![CDATA[Starting ChromeDriver 103.0.5060.53 (a1711811edd74ff1cf2150f36ffa3b0dae40b17f-refs/branch-heads/5060@{#853}) on port 58638
Only local connections are allowed.
Please see https://chromedriver.chromium.org/security-considerations for suggestions on keeping ChromeDriver safe.
ChromeDriver was started successfully.
Jul 13, 2022 10:48:08 PM org.openqa.selenium.remote.ProtocolHandshake createSession
INFO: Detected upstream dialect: W3C
Jul 13, 2022 10:48:08 PM org.openqa.selenium.devtools.CdpVersionFinder findNearestMatch
WARNING: Unable to find an exact match for CDP version 103, so returning the closest version found: 102
Jul 13, 2022 10:48:08 PM org.openqa.selenium.devtools.CdpVersionFinder findNearestMatch
INFO: Found CDP implementation for version 103 of 102
]]></system-err>
  </testcase>
  <testcase name="SignUpPopUpTermsAndConditionsLinkFunctionality" classname="testCases.SignUpQuickRegisterTest" time="0.567"/>
  <testcase name="SignUpPopUpQuickRegisterWithEmailPositiveTest" classname="testCases.SignUpQuickRegisterTest" time="16.162">
    <failure message="no such element: Unable to locate element: {&quot;method&quot;:&quot;xpath&quot;,&quot;selector&quot;:&quot;//*[@class=&apos;user_id&apos;]&quot;}&#10;  (Session info: chrome=103.0.5060.114)&#10;For documentation on this error, please visit: https://selenium.dev/exceptions/#no_such_element&#10;Build info: version: &apos;4.2.1&apos;, revision: &apos;ac4d0fdd4a&apos;&#10;System info: host: &apos;DESKTOP-52C1ANV&apos;, ip: &apos;192.168.31.63&apos;, os.name: &apos;Windows 10&apos;, os.arch: &apos;amd64&apos;, os.version: &apos;10.0&apos;, java.version: &apos;17.0.2&apos;&#10;Driver info: org.openqa.selenium.chrome.ChromeDriver&#10;Command: [ea84c00dfd76d20282bd1f54a29b4539, findElement {using=xpath, value=//*[@class=&apos;user_id&apos;]}]&#10;Capabilities {acceptInsecureCerts: false, browserName: chrome, browserVersion: 103.0.5060.114, chrome: {chromedriverVersion: 103.0.5060.53 (a1711811edd7..., userDataDir: C:\Users\user\AppData\Local...}, goog:chromeOptions: {debuggerAddress: localhost:61730}, networkConnectionEnabled: false, pageLoadStrategy: normal, platformName: WINDOWS, proxy: Proxy(), se:cdp: ws://localhost:61730/devtoo..., se:cdpVersion: 103.0.5060.114, setWindowRect: true, strictFileInteractability: false, timeouts: {implicit: 0, pageLoad: 300000, script: 30000}, unhandledPromptBehavior: dismiss and notify, webauthn:extension:credBlob: true, webauthn:extension:largeBlob: true, webauthn:virtualAuthenticators: true}&#10;Session ID: ea84c00dfd76d20282bd1f54a29b4539" type="org.openqa.selenium.NoSuchElementException">org.openqa.selenium.NoSuchElementException: no such element: Unable to locate element: {"method":"xpath","selector":"//*[@class='user_id']"}
  (Session info: chrome=103.0.5060.114)
For documentation on this error, please visit: https://selenium.dev/exceptions/#no_such_element
Build info: version: '4.2.1', revision: 'ac4d0fdd4a'
System info: host: 'DESKTOP-52C1ANV', ip: '192.168.31.63', os.name: 'Windows 10', os.arch: 'amd64', os.version: '10.0', java.version: '17.0.2'
Driver info: org.openqa.selenium.chrome.ChromeDriver
Command: [ea84c00dfd76d20282bd1f54a29b4539, findElement {using=xpath, value=//*[@class='user_id']}]
Capabilities {acceptInsecureCerts: false, browserName: chrome, browserVersion: 103.0.5060.114, chrome: {chromedriverVersion: 103.0.5060.53 (a1711811edd7..., userDataDir: C:\Users\user\AppData\Local...}, goog:chromeOptions: {debuggerAddress: localhost:61730}, networkConnectionEnabled: false, pageLoadStrategy: normal, platformName: WINDOWS, proxy: Proxy(), se:cdp: ws://localhost:61730/devtoo..., se:cdpVersion: 103.0.5060.114, setWindowRect: true, strictFileInteractability: false, timeouts: {implicit: 0, pageLoad: 300000, script: 30000}, unhandledPromptBehavior: dismiss and notify, webauthn:extension:credBlob: true, webauthn:extension:largeBlob: true, webauthn:virtualAuthenticators: true}
Session ID: ea84c00dfd76d20282bd1f54a29b4539
	at java.base/jdk.internal.reflect.NativeConstructorAccessorImpl.newInstance0(Native Method)
	at java.base/jdk.internal.reflect.NativeConstructorAccessorImpl.newInstance(NativeConstructorAccessorImpl.java:77)
	at java.base/jdk.internal.reflect.DelegatingConstructorAccessorImpl.newInstance(DelegatingConstructorAccessorImpl.java:45)
	at java.base/java.lang.reflect.Constructor.newInstanceWithCaller(Constructor.java:499)
	at java.base/java.lang.reflect.Constructor.newInstance(Constructor.java:480)
	at org.openqa.selenium.remote.codec.w3c.W3CHttpResponseCodec.createException(W3CHttpResponseCodec.java:200)
	at org.openqa.selenium.remote.codec.w3c.W3CHttpResponseCodec.decode(W3CHttpResponseCodec.java:133)
	at org.openqa.selenium.remote.codec.w3c.W3CHttpResponseCodec.decode(W3CHttpResponseCodec.java:53)
	at org.openqa.selenium.remote.HttpCommandExecutor.execute(HttpCommandExecutor.java:184)
	at org.openqa.selenium.remote.service.DriverCommandExecutor.invokeExecute(DriverCommandExecutor.java:167)
	at org.openqa.selenium.remote.service.DriverCommandExecutor.execute(DriverCommandExecutor.java:142)
	at org.openqa.selenium.remote.RemoteWebDriver.execute(RemoteWebDriver.java:551)
	at org.openqa.selenium.remote.ElementLocation$ElementFinder$2.findElement(ElementLocation.java:162)
	at org.openqa.selenium.remote.ElementLocation.findElement(ElementLocation.java:60)
	at org.openqa.selenium.remote.RemoteWebDriver.findElement(RemoteWebDriver.java:369)
	at org.openqa.selenium.remote.RemoteWebDriver.findElement(RemoteWebDriver.java:361)
	at org.openqa.selenium.support.pagefactory.DefaultElementLocator.findElement(DefaultElementLocator.java:70)
	at org.openqa.selenium.support.pagefactory.internal.LocatingElementHandler.invoke(LocatingElementHandler.java:39)
	at jdk.proxy2/jdk.proxy2.$Proxy19.isEnabled(Unknown Source)
	at pageObjects.BasePage.elementIsEnable(BasePage.java:103)
	at pageObjects.CraftBet_Header_Page.userIdLabelIsEnabled(CraftBet_Header_Page.java:49)
	at testCases.SignUpQuickRegisterTest.SignUpPopUpQuickRegisterWithEmailPositiveTest(SignUpQuickRegisterTest.java:207)
</failure>
    <system-out><![CDATA[ INFO [main] (BaseTest.java:75)- Browser closed
 INFO [main] (DriverFactory.java:28)- Browser for test will be chrome as chosen
 INFO [main] (WebDriverManager.java:1197)- Using chromedriver 103.0.5060.53 (resolved driver for Chrome 103)
 INFO [main] (WebDriverManager.java:1252)- Exporting webdriver.chrome.driver as C:\Users\user\.cache\selenium\chromedriver\win32\103.0.5060.53\chromedriver.exe
 INFO [main] (BaseTest.java:52)- Header page elements are initialized
 INFO [main] (BaseTest.java:54)- Login_PopUp_Page login PopUp elements are initialized
 INFO [main] (BaseTest.java:56)- SignUp_PopUp_Page elements are initialized
 INFO [main] (BaseTest.java:58)- Footer Page elements are initialized
 INFO [main] (BaseTest.java:60)- Password recovery Page elements are initialized
 INFO [main] (BaseTest.java:62)- Casino Page elements are initialized
I am in onTestStart method SignUpPopUpQuickRegisterWithEmailPositiveTest start
 INFO [main] (SignUpQuickRegisterTest.java:200)- Email was selected From Email/Mobile DropDown 
 INFO [main] (SignUpQuickRegisterTest.java:202)- Valid random email was created and passed
 INFO [main] (SignUpQuickRegisterTest.java:204)- Terms and Conditions checkbox was selected
 INFO [main] (SignUpQuickRegisterTest.java:206)- Register button was clicked
I am in onTestFailure method SignUpPopUpQuickRegisterWithEmailPositiveTest failed
Screenshot captured for test case:SignUpPopUpQuickRegisterWithEmailPositiveTest
Screenshot taken
ERROR [main] (Reporting.java:88)- SignUpPopUpQuickRegisterWithEmailPositiveTest--->  Fail
ERROR [main] (Reporting.java:89)- SignUpPopUpQuickRegisterWithEmailPositiveTest------------------------------------------------
]]></system-out>
    <system-err><![CDATA[Starting ChromeDriver 103.0.5060.53 (a1711811edd74ff1cf2150f36ffa3b0dae40b17f-refs/branch-heads/5060@{#853}) on port 54348
Only local connections are allowed.
Please see https://chromedriver.chromium.org/security-considerations for suggestions on keeping ChromeDriver safe.
ChromeDriver was started successfully.
Jul 13, 2022 10:48:16 PM org.openqa.selenium.remote.ProtocolHandshake createSession
INFO: Detected upstream dialect: W3C
Jul 13, 2022 10:48:16 PM org.openqa.selenium.devtools.CdpVersionFinder findNearestMatch
WARNING: Unable to find an exact match for CDP version 103, so returning the closest version found: 102
Jul 13, 2022 10:48:16 PM org.openqa.selenium.devtools.CdpVersionFinder findNearestMatch
INFO: Found CDP implementation for version 103 of 102
]]></system-err>
  </testcase>
  <testcase name="SignUpPopUpQuickRegisterWithEmailNegativeTest" classname="testCases.SignUpQuickRegisterTest" time="11.377">
    <failure message="expected [Invalid email address] but found [Cant find element errorMessage]" type="java.lang.AssertionError">java.lang.AssertionError: expected [Invalid email address] but found [Cant find element errorMessage]
	at org.testng.Assert.fail(Assert.java:110)
	at org.testng.Assert.failNotEquals(Assert.java:1413)
	at org.testng.Assert.assertEqualsImpl(Assert.java:149)
	at org.testng.Assert.assertEquals(Assert.java:131)
	at org.testng.Assert.assertEquals(Assert.java:655)
	at org.testng.Assert.assertEquals(Assert.java:665)
	at testCases.SignUpQuickRegisterTest.SignUpPopUpQuickRegisterWithEmailNegativeTest(SignUpQuickRegisterTest.java:225)
</failure>
    <system-out><![CDATA[ INFO [main] (BaseTest.java:75)- Browser closed
 INFO [main] (DriverFactory.java:28)- Browser for test will be chrome as chosen
 INFO [main] (WebDriverManager.java:1197)- Using chromedriver 103.0.5060.53 (resolved driver for Chrome 103)
 INFO [main] (WebDriverManager.java:1252)- Exporting webdriver.chrome.driver as C:\Users\user\.cache\selenium\chromedriver\win32\103.0.5060.53\chromedriver.exe
 INFO [main] (BaseTest.java:52)- Header page elements are initialized
 INFO [main] (BaseTest.java:54)- Login_PopUp_Page login PopUp elements are initialized
 INFO [main] (BaseTest.java:56)- SignUp_PopUp_Page elements are initialized
 INFO [main] (BaseTest.java:58)- Footer Page elements are initialized
 INFO [main] (BaseTest.java:60)- Password recovery Page elements are initialized
 INFO [main] (BaseTest.java:62)- Casino Page elements are initialized
I am in onTestStart method SignUpPopUpQuickRegisterWithEmailNegativeTest start
 INFO [main] (SignUpQuickRegisterTest.java:216)- Chosen Email from drop down
 INFO [main] (SignUpQuickRegisterTest.java:218)- invalid Email sent
 INFO [main] (SignUpQuickRegisterTest.java:220)- Terms and conditions checkbox clicked
 INFO [main] (SignUpQuickRegisterTest.java:222)- Register button clicked
 INFO [main] (SignUpQuickRegisterTest.java:224)- Error message captured
I am in onTestFailure method SignUpPopUpQuickRegisterWithEmailNegativeTest failed
Screenshot captured for test case:SignUpPopUpQuickRegisterWithEmailNegativeTest
Screenshot taken
ERROR [main] (Reporting.java:88)- SignUpPopUpQuickRegisterWithEmailNegativeTest--->  Fail
ERROR [main] (Reporting.java:89)- SignUpPopUpQuickRegisterWithEmailNegativeTest------------------------------------------------
]]></system-out>
    <system-err><![CDATA[Starting ChromeDriver 103.0.5060.53 (a1711811edd74ff1cf2150f36ffa3b0dae40b17f-refs/branch-heads/5060@{#853}) on port 56223
Only local connections are allowed.
Please see https://chromedriver.chromium.org/security-considerations for suggestions on keeping ChromeDriver safe.
ChromeDriver was started successfully.
Jul 13, 2022 10:48:37 PM org.openqa.selenium.remote.ProtocolHandshake createSession
INFO: Detected upstream dialect: W3C
Jul 13, 2022 10:48:37 PM org.openqa.selenium.devtools.CdpVersionFinder findNearestMatch
WARNING: Unable to find an exact match for CDP version 103, so returning the closest version found: 102
Jul 13, 2022 10:48:37 PM org.openqa.selenium.devtools.CdpVersionFinder findNearestMatch
INFO: Found CDP implementation for version 103 of 102
]]></system-err>
  </testcase>
  <testcase name="SignUpPopUpQuickRegisterWithEmailNegativeTest" classname="testCases.SignUpQuickRegisterTest" time="11.37">
    <failure message="expected [Invalid email address] but found [Cant find element errorMessage]" type="java.lang.AssertionError">java.lang.AssertionError: expected [Invalid email address] but found [Cant find element errorMessage]
	at org.testng.Assert.fail(Assert.java:110)
	at org.testng.Assert.failNotEquals(Assert.java:1413)
	at org.testng.Assert.assertEqualsImpl(Assert.java:149)
	at org.testng.Assert.assertEquals(Assert.java:131)
	at org.testng.Assert.assertEquals(Assert.java:655)
	at org.testng.Assert.assertEquals(Assert.java:665)
	at testCases.SignUpQuickRegisterTest.SignUpPopUpQuickRegisterWithEmailNegativeTest(SignUpQuickRegisterTest.java:225)
</failure>
    <system-out><![CDATA[ INFO [main] (BaseTest.java:75)- Browser closed
 INFO [main] (DriverFactory.java:28)- Browser for test will be chrome as chosen
 INFO [main] (WebDriverManager.java:1197)- Using chromedriver 103.0.5060.53 (resolved driver for Chrome 103)
 INFO [main] (WebDriverManager.java:1252)- Exporting webdriver.chrome.driver as C:\Users\user\.cache\selenium\chromedriver\win32\103.0.5060.53\chromedriver.exe
 INFO [main] (BaseTest.java:52)- Header page elements are initialized
 INFO [main] (BaseTest.java:54)- Login_PopUp_Page login PopUp elements are initialized
 INFO [main] (BaseTest.java:56)- SignUp_PopUp_Page elements are initialized
 INFO [main] (BaseTest.java:58)- Footer Page elements are initialized
 INFO [main] (BaseTest.java:60)- Password recovery Page elements are initialized
 INFO [main] (BaseTest.java:62)- Casino Page elements are initialized
I am in onTestStart method SignUpPopUpQuickRegisterWithEmailNegativeTest start
 INFO [main] (SignUpQuickRegisterTest.java:216)- Chosen Email from drop down
 INFO [main] (SignUpQuickRegisterTest.java:218)- invalid Email sent
 INFO [main] (SignUpQuickRegisterTest.java:220)- Terms and conditions checkbox clicked
 INFO [main] (SignUpQuickRegisterTest.java:222)- Register button clicked
 INFO [main] (SignUpQuickRegisterTest.java:224)- Error message captured
I am in onTestFailure method SignUpPopUpQuickRegisterWithEmailNegativeTest failed
Screenshot captured for test case:SignUpPopUpQuickRegisterWithEmailNegativeTest
Screenshot taken
ERROR [main] (Reporting.java:88)- SignUpPopUpQuickRegisterWithEmailNegativeTest--->  Fail
ERROR [main] (Reporting.java:89)- SignUpPopUpQuickRegisterWithEmailNegativeTest------------------------------------------------
]]></system-out>
    <system-err><![CDATA[Starting ChromeDriver 103.0.5060.53 (a1711811edd74ff1cf2150f36ffa3b0dae40b17f-refs/branch-heads/5060@{#853}) on port 52490
Only local connections are allowed.
Please see https://chromedriver.chromium.org/security-considerations for suggestions on keeping ChromeDriver safe.
ChromeDriver was started successfully.
Jul 13, 2022 10:48:51 PM org.openqa.selenium.remote.ProtocolHandshake createSession
INFO: Detected upstream dialect: W3C
Jul 13, 2022 10:48:51 PM org.openqa.selenium.devtools.CdpVersionFinder findNearestMatch
WARNING: Unable to find an exact match for CDP version 103, so returning the closest version found: 102
Jul 13, 2022 10:48:51 PM org.openqa.selenium.devtools.CdpVersionFinder findNearestMatch
INFO: Found CDP implementation for version 103 of 102
]]></system-err>
  </testcase>
  <testcase name="SignUpPopUpQuickRegisterWithEmailNegativeTest" classname="testCases.SignUpQuickRegisterTest" time="11.407">
    <failure message="expected [Invalid email address] but found [Cant find element errorMessage]" type="java.lang.AssertionError">java.lang.AssertionError: expected [Invalid email address] but found [Cant find element errorMessage]
	at org.testng.Assert.fail(Assert.java:110)
	at org.testng.Assert.failNotEquals(Assert.java:1413)
	at org.testng.Assert.assertEqualsImpl(Assert.java:149)
	at org.testng.Assert.assertEquals(Assert.java:131)
	at org.testng.Assert.assertEquals(Assert.java:655)
	at org.testng.Assert.assertEquals(Assert.java:665)
	at testCases.SignUpQuickRegisterTest.SignUpPopUpQuickRegisterWithEmailNegativeTest(SignUpQuickRegisterTest.java:225)
</failure>
    <system-out><![CDATA[ INFO [main] (BaseTest.java:75)- Browser closed
 INFO [main] (DriverFactory.java:28)- Browser for test will be chrome as chosen
 INFO [main] (WebDriverManager.java:1197)- Using chromedriver 103.0.5060.53 (resolved driver for Chrome 103)
 INFO [main] (WebDriverManager.java:1252)- Exporting webdriver.chrome.driver as C:\Users\user\.cache\selenium\chromedriver\win32\103.0.5060.53\chromedriver.exe
 INFO [main] (BaseTest.java:52)- Header page elements are initialized
 INFO [main] (BaseTest.java:54)- Login_PopUp_Page login PopUp elements are initialized
 INFO [main] (BaseTest.java:56)- SignUp_PopUp_Page elements are initialized
 INFO [main] (BaseTest.java:58)- Footer Page elements are initialized
 INFO [main] (BaseTest.java:60)- Password recovery Page elements are initialized
 INFO [main] (BaseTest.java:62)- Casino Page elements are initialized
I am in onTestStart method SignUpPopUpQuickRegisterWithEmailNegativeTest start
 INFO [main] (SignUpQuickRegisterTest.java:216)- Chosen Email from drop down
 INFO [main] (SignUpQuickRegisterTest.java:218)- invalid Email sent
 INFO [main] (SignUpQuickRegisterTest.java:220)- Terms and conditions checkbox clicked
 INFO [main] (SignUpQuickRegisterTest.java:222)- Register button clicked
 INFO [main] (SignUpQuickRegisterTest.java:224)- Error message captured
I am in onTestFailure method SignUpPopUpQuickRegisterWithEmailNegativeTest failed
Screenshot captured for test case:SignUpPopUpQuickRegisterWithEmailNegativeTest
Screenshot taken
ERROR [main] (Reporting.java:88)- SignUpPopUpQuickRegisterWithEmailNegativeTest--->  Fail
ERROR [main] (Reporting.java:89)- SignUpPopUpQuickRegisterWithEmailNegativeTest------------------------------------------------
]]></system-out>
    <system-err><![CDATA[Starting ChromeDriver 103.0.5060.53 (a1711811edd74ff1cf2150f36ffa3b0dae40b17f-refs/branch-heads/5060@{#853}) on port 51166
Only local connections are allowed.
Please see https://chromedriver.chromium.org/security-considerations for suggestions on keeping ChromeDriver safe.
ChromeDriver was started successfully.
Jul 13, 2022 10:49:05 PM org.openqa.selenium.remote.ProtocolHandshake createSession
INFO: Detected upstream dialect: W3C
Jul 13, 2022 10:49:05 PM org.openqa.selenium.devtools.CdpVersionFinder findNearestMatch
WARNING: Unable to find an exact match for CDP version 103, so returning the closest version found: 102
Jul 13, 2022 10:49:05 PM org.openqa.selenium.devtools.CdpVersionFinder findNearestMatch
INFO: Found CDP implementation for version 103 of 102
]]></system-err>
  </testcase>
  <testcase name="SignUpPopUpQuickRegisterWithEmailNegativeTest" classname="testCases.SignUpQuickRegisterTest" time="11.47">
    <failure message="expected [Invalid email address] but found [Cant find element errorMessage]" type="java.lang.AssertionError">java.lang.AssertionError: expected [Invalid email address] but found [Cant find element errorMessage]
	at org.testng.Assert.fail(Assert.java:110)
	at org.testng.Assert.failNotEquals(Assert.java:1413)
	at org.testng.Assert.assertEqualsImpl(Assert.java:149)
	at org.testng.Assert.assertEquals(Assert.java:131)
	at org.testng.Assert.assertEquals(Assert.java:655)
	at org.testng.Assert.assertEquals(Assert.java:665)
	at testCases.SignUpQuickRegisterTest.SignUpPopUpQuickRegisterWithEmailNegativeTest(SignUpQuickRegisterTest.java:225)
</failure>
    <system-out><![CDATA[ INFO [main] (BaseTest.java:75)- Browser closed
 INFO [main] (DriverFactory.java:28)- Browser for test will be chrome as chosen
 INFO [main] (WebDriverManager.java:1197)- Using chromedriver 103.0.5060.53 (resolved driver for Chrome 103)
 INFO [main] (WebDriverManager.java:1252)- Exporting webdriver.chrome.driver as C:\Users\user\.cache\selenium\chromedriver\win32\103.0.5060.53\chromedriver.exe
 INFO [main] (BaseTest.java:52)- Header page elements are initialized
 INFO [main] (BaseTest.java:54)- Login_PopUp_Page login PopUp elements are initialized
 INFO [main] (BaseTest.java:56)- SignUp_PopUp_Page elements are initialized
 INFO [main] (BaseTest.java:58)- Footer Page elements are initialized
 INFO [main] (BaseTest.java:60)- Password recovery Page elements are initialized
 INFO [main] (BaseTest.java:62)- Casino Page elements are initialized
I am in onTestStart method SignUpPopUpQuickRegisterWithEmailNegativeTest start
 INFO [main] (SignUpQuickRegisterTest.java:216)- Chosen Email from drop down
 INFO [main] (SignUpQuickRegisterTest.java:218)- invalid Email sent
 INFO [main] (SignUpQuickRegisterTest.java:220)- Terms and conditions checkbox clicked
 INFO [main] (SignUpQuickRegisterTest.java:222)- Register button clicked
 INFO [main] (SignUpQuickRegisterTest.java:224)- Error message captured
I am in onTestFailure method SignUpPopUpQuickRegisterWithEmailNegativeTest failed
Screenshot captured for test case:SignUpPopUpQuickRegisterWithEmailNegativeTest
Screenshot taken
ERROR [main] (Reporting.java:88)- SignUpPopUpQuickRegisterWithEmailNegativeTest--->  Fail
ERROR [main] (Reporting.java:89)- SignUpPopUpQuickRegisterWithEmailNegativeTest------------------------------------------------
]]></system-out>
    <system-err><![CDATA[Starting ChromeDriver 103.0.5060.53 (a1711811edd74ff1cf2150f36ffa3b0dae40b17f-refs/branch-heads/5060@{#853}) on port 54017
Only local connections are allowed.
Please see https://chromedriver.chromium.org/security-considerations for suggestions on keeping ChromeDriver safe.
ChromeDriver was started successfully.
Jul 13, 2022 10:49:20 PM org.openqa.selenium.remote.ProtocolHandshake createSession
INFO: Detected upstream dialect: W3C
Jul 13, 2022 10:49:20 PM org.openqa.selenium.devtools.CdpVersionFinder findNearestMatch
WARNING: Unable to find an exact match for CDP version 103, so returning the closest version found: 102
Jul 13, 2022 10:49:20 PM org.openqa.selenium.devtools.CdpVersionFinder findNearestMatch
INFO: Found CDP implementation for version 103 of 102
]]></system-err>
  </testcase>
  <testcase name="SignUpPopUpQuickRegisterWithEmailNegativeTest" classname="testCases.SignUpQuickRegisterTest" time="11.471">
    <failure message="expected [Invalid email address] but found [Cant find element errorMessage]" type="java.lang.AssertionError">java.lang.AssertionError: expected [Invalid email address] but found [Cant find element errorMessage]
	at org.testng.Assert.fail(Assert.java:110)
	at org.testng.Assert.failNotEquals(Assert.java:1413)
	at org.testng.Assert.assertEqualsImpl(Assert.java:149)
	at org.testng.Assert.assertEquals(Assert.java:131)
	at org.testng.Assert.assertEquals(Assert.java:655)
	at org.testng.Assert.assertEquals(Assert.java:665)
	at testCases.SignUpQuickRegisterTest.SignUpPopUpQuickRegisterWithEmailNegativeTest(SignUpQuickRegisterTest.java:225)
</failure>
    <system-out><![CDATA[ INFO [main] (BaseTest.java:75)- Browser closed
 INFO [main] (DriverFactory.java:28)- Browser for test will be chrome as chosen
 INFO [main] (WebDriverManager.java:1197)- Using chromedriver 103.0.5060.53 (resolved driver for Chrome 103)
 INFO [main] (WebDriverManager.java:1252)- Exporting webdriver.chrome.driver as C:\Users\user\.cache\selenium\chromedriver\win32\103.0.5060.53\chromedriver.exe
 INFO [main] (BaseTest.java:52)- Header page elements are initialized
 INFO [main] (BaseTest.java:54)- Login_PopUp_Page login PopUp elements are initialized
 INFO [main] (BaseTest.java:56)- SignUp_PopUp_Page elements are initialized
 INFO [main] (BaseTest.java:58)- Footer Page elements are initialized
 INFO [main] (BaseTest.java:60)- Password recovery Page elements are initialized
 INFO [main] (BaseTest.java:62)- Casino Page elements are initialized
I am in onTestStart method SignUpPopUpQuickRegisterWithEmailNegativeTest start
 INFO [main] (SignUpQuickRegisterTest.java:216)- Chosen Email from drop down
 INFO [main] (SignUpQuickRegisterTest.java:218)- invalid Email sent
 INFO [main] (SignUpQuickRegisterTest.java:220)- Terms and conditions checkbox clicked
 INFO [main] (SignUpQuickRegisterTest.java:222)- Register button clicked
 INFO [main] (SignUpQuickRegisterTest.java:224)- Error message captured
I am in onTestFailure method SignUpPopUpQuickRegisterWithEmailNegativeTest failed
Screenshot captured for test case:SignUpPopUpQuickRegisterWithEmailNegativeTest
Screenshot taken
ERROR [main] (Reporting.java:88)- SignUpPopUpQuickRegisterWithEmailNegativeTest--->  Fail
ERROR [main] (Reporting.java:89)- SignUpPopUpQuickRegisterWithEmailNegativeTest------------------------------------------------
]]></system-out>
    <system-err><![CDATA[Starting ChromeDriver 103.0.5060.53 (a1711811edd74ff1cf2150f36ffa3b0dae40b17f-refs/branch-heads/5060@{#853}) on port 51750
Only local connections are allowed.
Please see https://chromedriver.chromium.org/security-considerations for suggestions on keeping ChromeDriver safe.
ChromeDriver was started successfully.
Jul 13, 2022 10:49:34 PM org.openqa.selenium.remote.ProtocolHandshake createSession
INFO: Detected upstream dialect: W3C
Jul 13, 2022 10:49:34 PM org.openqa.selenium.devtools.CdpVersionFinder findNearestMatch
WARNING: Unable to find an exact match for CDP version 103, so returning the closest version found: 102
Jul 13, 2022 10:49:34 PM org.openqa.selenium.devtools.CdpVersionFinder findNearestMatch
INFO: Found CDP implementation for version 103 of 102
]]></system-err>
  </testcase>
  <testcase name="SignUpPopUpQuickRegisterWithEmailNegativeTest" classname="testCases.SignUpQuickRegisterTest" time="11.393">
    <failure message="expected [Invalid email address] but found [Cant find element errorMessage]" type="java.lang.AssertionError">java.lang.AssertionError: expected [Invalid email address] but found [Cant find element errorMessage]
	at org.testng.Assert.fail(Assert.java:110)
	at org.testng.Assert.failNotEquals(Assert.java:1413)
	at org.testng.Assert.assertEqualsImpl(Assert.java:149)
	at org.testng.Assert.assertEquals(Assert.java:131)
	at org.testng.Assert.assertEquals(Assert.java:655)
	at org.testng.Assert.assertEquals(Assert.java:665)
	at testCases.SignUpQuickRegisterTest.SignUpPopUpQuickRegisterWithEmailNegativeTest(SignUpQuickRegisterTest.java:225)
</failure>
    <system-out><![CDATA[ INFO [main] (BaseTest.java:75)- Browser closed
 INFO [main] (DriverFactory.java:28)- Browser for test will be chrome as chosen
 INFO [main] (WebDriverManager.java:1197)- Using chromedriver 103.0.5060.53 (resolved driver for Chrome 103)
 INFO [main] (WebDriverManager.java:1252)- Exporting webdriver.chrome.driver as C:\Users\user\.cache\selenium\chromedriver\win32\103.0.5060.53\chromedriver.exe
 INFO [main] (BaseTest.java:52)- Header page elements are initialized
 INFO [main] (BaseTest.java:54)- Login_PopUp_Page login PopUp elements are initialized
 INFO [main] (BaseTest.java:56)- SignUp_PopUp_Page elements are initialized
 INFO [main] (BaseTest.java:58)- Footer Page elements are initialized
 INFO [main] (BaseTest.java:60)- Password recovery Page elements are initialized
 INFO [main] (BaseTest.java:62)- Casino Page elements are initialized
I am in onTestStart method SignUpPopUpQuickRegisterWithEmailNegativeTest start
 INFO [main] (SignUpQuickRegisterTest.java:216)- Chosen Email from drop down
 INFO [main] (SignUpQuickRegisterTest.java:218)- invalid Email sent
 INFO [main] (SignUpQuickRegisterTest.java:220)- Terms and conditions checkbox clicked
 INFO [main] (SignUpQuickRegisterTest.java:222)- Register button clicked
 INFO [main] (SignUpQuickRegisterTest.java:224)- Error message captured
I am in onTestFailure method SignUpPopUpQuickRegisterWithEmailNegativeTest failed
Screenshot captured for test case:SignUpPopUpQuickRegisterWithEmailNegativeTest
Screenshot taken
ERROR [main] (Reporting.java:88)- SignUpPopUpQuickRegisterWithEmailNegativeTest--->  Fail
ERROR [main] (Reporting.java:89)- SignUpPopUpQuickRegisterWithEmailNegativeTest------------------------------------------------
]]></system-out>
    <system-err><![CDATA[Starting ChromeDriver 103.0.5060.53 (a1711811edd74ff1cf2150f36ffa3b0dae40b17f-refs/branch-heads/5060@{#853}) on port 61980
Only local connections are allowed.
Please see https://chromedriver.chromium.org/security-considerations for suggestions on keeping ChromeDriver safe.
ChromeDriver was started successfully.
Jul 13, 2022 10:49:49 PM org.openqa.selenium.remote.ProtocolHandshake createSession
INFO: Detected upstream dialect: W3C
Jul 13, 2022 10:49:49 PM org.openqa.selenium.devtools.CdpVersionFinder findNearestMatch
WARNING: Unable to find an exact match for CDP version 103, so returning the closest version found: 102
Jul 13, 2022 10:49:49 PM org.openqa.selenium.devtools.CdpVersionFinder findNearestMatch
INFO: Found CDP implementation for version 103 of 102
]]></system-err>
  </testcase>
  <testcase name="SignUpPopUpQuickRegisterWithMobilePositiveTest" classname="testCases.SignUpQuickRegisterTest" time="16.212">
    <failure message="no such element: Unable to locate element: {&quot;method&quot;:&quot;xpath&quot;,&quot;selector&quot;:&quot;//*[@class=&apos;user_id&apos;]&quot;}&#10;  (Session info: chrome=103.0.5060.114)&#10;For documentation on this error, please visit: https://selenium.dev/exceptions/#no_such_element&#10;Build info: version: &apos;4.2.1&apos;, revision: &apos;ac4d0fdd4a&apos;&#10;System info: host: &apos;DESKTOP-52C1ANV&apos;, ip: &apos;192.168.31.63&apos;, os.name: &apos;Windows 10&apos;, os.arch: &apos;amd64&apos;, os.version: &apos;10.0&apos;, java.version: &apos;17.0.2&apos;&#10;Driver info: org.openqa.selenium.chrome.ChromeDriver&#10;Command: [7435f57724a4aee5ca82a4c4c6b0ceee, findElement {using=xpath, value=//*[@class=&apos;user_id&apos;]}]&#10;Capabilities {acceptInsecureCerts: false, browserName: chrome, browserVersion: 103.0.5060.114, chrome: {chromedriverVersion: 103.0.5060.53 (a1711811edd7..., userDataDir: C:\Users\user\AppData\Local...}, goog:chromeOptions: {debuggerAddress: localhost:62148}, networkConnectionEnabled: false, pageLoadStrategy: normal, platformName: WINDOWS, proxy: Proxy(), se:cdp: ws://localhost:62148/devtoo..., se:cdpVersion: 103.0.5060.114, setWindowRect: true, strictFileInteractability: false, timeouts: {implicit: 0, pageLoad: 300000, script: 30000}, unhandledPromptBehavior: dismiss and notify, webauthn:extension:credBlob: true, webauthn:extension:largeBlob: true, webauthn:virtualAuthenticators: true}&#10;Session ID: 7435f57724a4aee5ca82a4c4c6b0ceee" type="org.openqa.selenium.NoSuchElementException">org.openqa.selenium.NoSuchElementException: no such element: Unable to locate element: {"method":"xpath","selector":"//*[@class='user_id']"}
  (Session info: chrome=103.0.5060.114)
For documentation on this error, please visit: https://selenium.dev/exceptions/#no_such_element
Build info: version: '4.2.1', revision: 'ac4d0fdd4a'
System info: host: 'DESKTOP-52C1ANV', ip: '192.168.31.63', os.name: 'Windows 10', os.arch: 'amd64', os.version: '10.0', java.version: '17.0.2'
Driver info: org.openqa.selenium.chrome.ChromeDriver
Command: [7435f57724a4aee5ca82a4c4c6b0ceee, findElement {using=xpath, value=//*[@class='user_id']}]
Capabilities {acceptInsecureCerts: false, browserName: chrome, browserVersion: 103.0.5060.114, chrome: {chromedriverVersion: 103.0.5060.53 (a1711811edd7..., userDataDir: C:\Users\user\AppData\Local...}, goog:chromeOptions: {debuggerAddress: localhost:62148}, networkConnectionEnabled: false, pageLoadStrategy: normal, platformName: WINDOWS, proxy: Proxy(), se:cdp: ws://localhost:62148/devtoo..., se:cdpVersion: 103.0.5060.114, setWindowRect: true, strictFileInteractability: false, timeouts: {implicit: 0, pageLoad: 300000, script: 30000}, unhandledPromptBehavior: dismiss and notify, webauthn:extension:credBlob: true, webauthn:extension:largeBlob: true, webauthn:virtualAuthenticators: true}
Session ID: 7435f57724a4aee5ca82a4c4c6b0ceee
	at java.base/jdk.internal.reflect.NativeConstructorAccessorImpl.newInstance0(Native Method)
	at java.base/jdk.internal.reflect.NativeConstructorAccessorImpl.newInstance(NativeConstructorAccessorImpl.java:77)
	at java.base/jdk.internal.reflect.DelegatingConstructorAccessorImpl.newInstance(DelegatingConstructorAccessorImpl.java:45)
	at java.base/java.lang.reflect.Constructor.newInstanceWithCaller(Constructor.java:499)
	at java.base/java.lang.reflect.Constructor.newInstance(Constructor.java:480)
	at org.openqa.selenium.remote.codec.w3c.W3CHttpResponseCodec.createException(W3CHttpResponseCodec.java:200)
	at org.openqa.selenium.remote.codec.w3c.W3CHttpResponseCodec.decode(W3CHttpResponseCodec.java:133)
	at org.openqa.selenium.remote.codec.w3c.W3CHttpResponseCodec.decode(W3CHttpResponseCodec.java:53)
	at org.openqa.selenium.remote.HttpCommandExecutor.execute(HttpCommandExecutor.java:184)
	at org.openqa.selenium.remote.service.DriverCommandExecutor.invokeExecute(DriverCommandExecutor.java:167)
	at org.openqa.selenium.remote.service.DriverCommandExecutor.execute(DriverCommandExecutor.java:142)
	at org.openqa.selenium.remote.RemoteWebDriver.execute(RemoteWebDriver.java:551)
	at org.openqa.selenium.remote.ElementLocation$ElementFinder$2.findElement(ElementLocation.java:162)
	at org.openqa.selenium.remote.ElementLocation.findElement(ElementLocation.java:60)
	at org.openqa.selenium.remote.RemoteWebDriver.findElement(RemoteWebDriver.java:369)
	at org.openqa.selenium.remote.RemoteWebDriver.findElement(RemoteWebDriver.java:361)
	at org.openqa.selenium.support.pagefactory.DefaultElementLocator.findElement(DefaultElementLocator.java:70)
	at org.openqa.selenium.support.pagefactory.internal.LocatingElementHandler.invoke(LocatingElementHandler.java:39)
	at jdk.proxy2/jdk.proxy2.$Proxy19.isEnabled(Unknown Source)
	at pageObjects.BasePage.elementIsEnable(BasePage.java:103)
	at pageObjects.CraftBet_Header_Page.userIdLabelIsEnabled(CraftBet_Header_Page.java:49)
	at testCases.SignUpQuickRegisterTest.SignUpPopUpQuickRegisterWithMobilePositiveTest(SignUpQuickRegisterTest.java:255)
</failure>
    <system-out><![CDATA[ INFO [main] (BaseTest.java:75)- Browser closed
 INFO [main] (DriverFactory.java:28)- Browser for test will be chrome as chosen
 INFO [main] (WebDriverManager.java:1197)- Using chromedriver 103.0.5060.53 (resolved driver for Chrome 103)
 INFO [main] (WebDriverManager.java:1252)- Exporting webdriver.chrome.driver as C:\Users\user\.cache\selenium\chromedriver\win32\103.0.5060.53\chromedriver.exe
 INFO [main] (BaseTest.java:52)- Header page elements are initialized
 INFO [main] (BaseTest.java:54)- Login_PopUp_Page login PopUp elements are initialized
 INFO [main] (BaseTest.java:56)- SignUp_PopUp_Page elements are initialized
 INFO [main] (BaseTest.java:58)- Footer Page elements are initialized
 INFO [main] (BaseTest.java:60)- Password recovery Page elements are initialized
 INFO [main] (BaseTest.java:62)- Casino Page elements are initialized
I am in onTestStart method SignUpPopUpQuickRegisterWithMobilePositiveTest start
 INFO [main] (SignUpQuickRegisterTest.java:245)- Mobile was selected From Email/Mobile DropDown 
 INFO [main] (SignUpQuickRegisterTest.java:248)- Am+374 was selected From Email/Mobile DropDown 
 INFO [main] (SignUpQuickRegisterTest.java:250)- Valid random number was created and passed
 INFO [main] (SignUpQuickRegisterTest.java:252)- Terms and Conditions checkbox was selected
 INFO [main] (SignUpQuickRegisterTest.java:254)- Register button was clicked
I am in onTestFailure method SignUpPopUpQuickRegisterWithMobilePositiveTest failed
Screenshot captured for test case:SignUpPopUpQuickRegisterWithMobilePositiveTest
Screenshot taken
ERROR [main] (Reporting.java:88)- SignUpPopUpQuickRegisterWithMobilePositiveTest--->  Fail
ERROR [main] (Reporting.java:89)- SignUpPopUpQuickRegisterWithMobilePositiveTest------------------------------------------------
]]></system-out>
    <system-err><![CDATA[Starting ChromeDriver 103.0.5060.53 (a1711811edd74ff1cf2150f36ffa3b0dae40b17f-refs/branch-heads/5060@{#853}) on port 55985
Only local connections are allowed.
Please see https://chromedriver.chromium.org/security-considerations for suggestions on keeping ChromeDriver safe.
ChromeDriver was started successfully.
Jul 13, 2022 10:50:03 PM org.openqa.selenium.remote.ProtocolHandshake createSession
INFO: Detected upstream dialect: W3C
Jul 13, 2022 10:50:03 PM org.openqa.selenium.devtools.CdpVersionFinder findNearestMatch
WARNING: Unable to find an exact match for CDP version 103, so returning the closest version found: 102
Jul 13, 2022 10:50:03 PM org.openqa.selenium.devtools.CdpVersionFinder findNearestMatch
INFO: Found CDP implementation for version 103 of 102
]]></system-err>
  </testcase>
  <testcase name="SignUpPopUpQuickRegisterWithMobileNegativeTest" classname="testCases.SignUpQuickRegisterTest" time="1.338"/>
  <testcase name="SignUpPopUpQuickRegisterWithMobileNegativeTest" classname="testCases.SignUpQuickRegisterTest" time="1.317"/>
  <testcase name="SignUpPopUpQuickRegisterWithMobileNegativeTest" classname="testCases.SignUpQuickRegisterTest" time="1.39"/>
  <testcase name="SignUpPopUpQuickRegisterWithMobileNegativeTest" classname="testCases.SignUpQuickRegisterTest" time="1.332"/>
  <testcase name="SignUpPopUpQuickRegisterWithMobileNegativeTest" classname="testCases.SignUpQuickRegisterTest" time="1.296"/>
  <testcase name="SignUpPopUpQuickRegisterWithMobileNegativeTest" classname="testCases.SignUpQuickRegisterTest" time="1.35"/>
</testsuite>