<!DOCTYPE html PUBLIC "-//W3C//DTD XHTML 1.1//EN" "https://www.w3.org/TR/xhtml11/DTD/xhtml11.dtd">
<html xmlns="https://www.w3.org/1999/xhtml">
<head>
<meta http-equiv="content-type" content="text/html; charset=UTF-8"/>
<title>TestNG Report</title>
<style type="text/css">table {margin-bottom:10px;border-collapse:collapse;empty-cells:show}th,td {border:1px solid #009;padding:.25em .5em}th {vertical-align:bottom}td {vertical-align:top}table a {font-weight:bold}.stripe td {background-color: #E6EBF9}.num {text-align:right}.passedodd td {background-color: #3F3}.passedeven td {background-color: #0A0}.skippedodd td {background-color: #DDD}.skippedeven td {background-color: #CCC}.failedodd td,.attn {background-color: #F33}.failedeven td,.stripe .attn {background-color: #D00}.stacktrace {white-space:pre;font-family:monospace}.totop {font-size:85%;text-align:center;border-bottom:2px solid #000}.invisible {display:none}</style>
</head>
<body>
<table>
<tr><th>Test</th><th># Passed</th><th># Skipped</th><th># Retried</th><th># Failed</th><th>Time (ms)</th><th>Included Groups</th><th>Excluded Groups</th></tr>
<tr><th colspan="8">All Test Suite</th></tr>
<tr><td><a href="#t0">testCases.LoginPopUpTest</a></td><td class="num">29</td><td class="num attn">1</td><td class="num">0</td><td class="num attn">12</td><td class="num">476,305</td><td></td><td></td></tr>
</table>
<table id='summary'><thead><tr><th>Class</th><th>Method</th><th>Start</th><th>Time (ms)</th></tr></thead><tbody><tr><th colspan="4">All Test Suite</th></tr></tbody><tbody id="t0"><tr><th colspan="4">testCases.LoginPopUpTest &#8212; failed (configuration methods)</th></tr><tr class="failedeven"><td rowspan="1">testCases.SignUpQuickRegisterTest</td><td><a href="#m0">setup</a></td><td rowspan="1">1657699267080</td><td rowspan="1">22521</td></tr><tr><th colspan="4">testCases.LoginPopUpTest &#8212; failed</th></tr><tr class="failedeven"><td rowspan="5">testCases.LoginPopUpTest</td><td><a href="#m1">loginPopUpLogInNegativeTest</a></td><td rowspan="5">1657698949498</td><td rowspan="5">1589</td></tr><tr class="failedeven"><td><a href="#m2">loginPopUpLogInNegativeTest</a></td></tr><tr class="failedeven"><td><a href="#m3">loginPopUpLogInNegativeTest</a></td></tr><tr class="failedeven"><td><a href="#m4">loginPopUpLogInNegativeTest</a></td></tr><tr class="failedeven"><td><a href="#m5">loginPopUpLogInNegativeTest</a></td></tr><tr class="failedodd"><td rowspan="1">testCases.PasswordRecoveryTest</td><td><a href="#m6">RecoveryPopUpSupportLink_Test</a></td><td rowspan="1">1657699035112</td><td rowspan="1">299</td></tr><tr class="failedeven"><td rowspan="6">testCases.SignUpQuickRegisterTest</td><td><a href="#m7">SignUpPopUpQuickRegisterNegativeTest</a></td><td rowspan="6">1657699150798</td><td rowspan="6">20600</td></tr><tr class="failedeven"><td><a href="#m8">SignUpPopUpQuickRegisterNegativeTest</a></td></tr><tr class="failedeven"><td><a href="#m9">SignUpPopUpQuickRegisterNegativeTest</a></td></tr><tr class="failedeven"><td><a href="#m10">SignUpPopUpQuickRegisterNegativeTest</a></td></tr><tr class="failedeven"><td><a href="#m11">SignUpPopUpQuickRegisterNegativeTest</a></td></tr><tr class="failedeven"><td><a href="#m12">SignUpPopUpQuickRegisterNegativeTest</a></td></tr><tr><th colspan="4">testCases.LoginPopUpTest &#8212; skipped (configuration methods)</th></tr><tr class="skippedeven"><td rowspan="2">testCases.SignUpQuickRegisterTest</td><td><a href="#m13">goToLoginPopUp</a></td><td rowspan="1">1657699289611</td><td rowspan="1">0</td></tr><tr class="skippedeven"><td><a href="#m14">tearDown</a></td><td rowspan="1">1657699289618</td><td rowspan="1">0</td></tr><tr><th colspan="4">testCases.LoginPopUpTest &#8212; skipped</th></tr><tr class="skippedeven"><td rowspan="1">testCases.SignUpQuickRegisterTest</td><td><a href="#m15">SignUpPopUpQuickRegisterPositiveTest</a></td><td rowspan="1">1657699289613</td><td rowspan="1">0</td></tr><tr><th colspan="4">testCases.LoginPopUpTest &#8212; passed</th></tr><tr class="passedeven"><td rowspan="16">testCases.LoginPopUpTest</td><td><a href="#m16">loginPopUpCheckBoxClickAbility_Test</a></td><td rowspan="1">1657698846870</td><td rowspan="1">206</td></tr><tr class="passedeven"><td><a href="#m17">loginPopUpCloseButtonFunctionality_Test</a></td><td rowspan="1">1657698830613</td><td rowspan="1">658</td></tr><tr class="passedeven"><td><a href="#m18">loginPopUpErrorMessageValidationInvalidPassword</a></td><td rowspan="1">1657699016547</td><td rowspan="1">1409</td></tr><tr class="passedeven"><td><a href="#m19">loginPopUpErrorMessageValidationInvalidUsername</a></td><td rowspan="1">1657699009260</td><td rowspan="1">1411</td></tr><tr class="passedeven"><td><a href="#m20">loginPopUpEyeButtonFunctionality_Test</a></td><td rowspan="1">1657698836555</td><td rowspan="1">270</td></tr><tr class="passedeven"><td><a href="#m21">loginPopUpForgotPasswordLink_Test</a></td><td rowspan="1">1657698852212</td><td rowspan="1">158</td></tr><tr class="passedeven"><td><a href="#m22">loginPopUpLabelsPresenceVerification_Test</a></td><td rowspan="1">1657698819332</td><td rowspan="1">805</td></tr><tr class="passedeven"><td><a href="#m23">loginPopUpLogInNegativeTest</a></td><td rowspan="5">1657698917641</td><td rowspan="5">10335</td></tr><tr class="passedeven"><td><a href="#m24">loginPopUpLogInNegativeTest</a></td></tr><tr class="passedeven"><td><a href="#m25">loginPopUpLogInNegativeTest</a></td></tr><tr class="passedeven"><td><a href="#m26">loginPopUpLogInNegativeTest</a></td></tr><tr class="passedeven"><td><a href="#m27">loginPopUpLogInNegativeTest</a></td></tr><tr class="passedeven"><td><a href="#m28">loginPopUpLogInPositiveTest</a></td><td rowspan="1">1657698863833</td><td rowspan="1">1685</td></tr><tr class="passedeven"><td><a href="#m29">loginPopUpLogoPresenceVerification_Test</a></td><td rowspan="1">1657698825247</td><td rowspan="1">59</td></tr><tr class="passedeven"><td><a href="#m30">loginPopUpRememberMeLabelClickAbility_Test</a></td><td rowspan="1">1657698841820</td><td rowspan="1">288</td></tr><tr class="passedeven"><td><a href="#m31">loginPopUpSignUpLink_Test</a></td><td rowspan="1">1657698857927</td><td rowspan="1">191</td></tr><tr class="passedodd"><td rowspan="9">testCases.PasswordRecoveryTest</td><td><a href="#m32">RecoveryPopUpLabelsPresenceVerification_Test</a></td><td rowspan="1">1657699022806</td><td rowspan="1">217</td></tr><tr class="passedodd"><td><a href="#m33">RecoveryPopUpLogoPresenceVerification_Test</a></td><td rowspan="1">1657699029192</td><td rowspan="1">23</td></tr><tr class="passedodd"><td><a href="#m34">RecoveryPopUpNegativeTest</a></td><td rowspan="6">1657699068171</td><td rowspan="6">191</td></tr><tr class="passedodd"><td><a href="#m35">RecoveryPopUpNegativeTest</a></td></tr><tr class="passedodd"><td><a href="#m36">RecoveryPopUpNegativeTest</a></td></tr><tr class="passedodd"><td><a href="#m37">RecoveryPopUpNegativeTest</a></td></tr><tr class="passedodd"><td><a href="#m38">RecoveryPopUpNegativeTest</a></td></tr><tr class="passedodd"><td><a href="#m39">RecoveryPopUpNegativeTest</a></td></tr><tr class="passedodd"><td><a href="#m40">RecoveryPopUpPositiveTest</a></td><td rowspan="1">1657699041156</td><td rowspan="1">471</td></tr><tr class="passedeven"><td rowspan="4">testCases.SignUpQuickRegisterTest</td><td><a href="#m41">SignUpPopUpQuickRegisterLabelsPresenceVerification_Test</a></td><td rowspan="1">1657699079153</td><td rowspan="1">407</td></tr><tr class="passedeven"><td><a href="#m42">SignUpPopUpQuickRegisterLogoPresenceVerification_Test</a></td><td rowspan="1">1657699083567</td><td rowspan="1">70</td></tr><tr class="passedeven"><td><a href="#m43">SignUpPopUpQuickRegisterRegisterByDropDownVerification_Test</a></td><td rowspan="1">1657699087942</td><td rowspan="1">250</td></tr><tr class="passedeven"><td><a href="#m44">SignUpPopUpQuickRegisterRegisterPrivacyPolicy</a></td><td rowspan="1">1657699092055</td><td rowspan="1">393</td></tr></tbody>
</table>
<h2>testCases.LoginPopUpTest</h2><h3 id="m0">testCases.SignUpQuickRegisterTest#setup</h3><table class="result"><tr><th>Exception</th></tr><tr><td><div class="stacktrace">org.openqa.selenium.TimeoutException: Expected condition failed: waiting for visibility of Proxy element for: DefaultElementLocator &apos;By.xpath: //*[@class = &apos;dropdown-style1-type-Dpd&apos;]&apos; (tried for 5 second(s) with 500 milliseconds interval)
	at org.openqa.selenium.support.ui.WebDriverWait.timeoutException(WebDriverWait.java:87)
	at org.openqa.selenium.support.ui.FluentWait.until(FluentWait.java:231)
	at pageObjects.BasePage.waitElementToBeVisible(BasePage.java:73)
	at pageObjects.BasePage.clickOnElementIfVisible(BasePage.java:84)
	at pageObjects.CraftBet_Header_Page.selectEnglishLanguageFromDropDown(CraftBet_Header_Page.java:90)
	at testCases.BaseTest.setup(BaseTest.java:69)
	at java.base/java.util.ArrayList.forEach(ArrayList.java:1511)
	at com.intellij.rt.testng.IDEARemoteTestNG.run(IDEARemoteTestNG.java:66)
	at com.intellij.rt.testng.RemoteTestNGStarter.main(RemoteTestNGStarter.java:109)
Caused by: org.openqa.selenium.NoSuchElementException: no such element: Unable to locate element: {&quot;method&quot;:&quot;xpath&quot;,&quot;selector&quot;:&quot;//*[@class = &apos;dropdown-style1-type-Dpd&apos;]&quot;}
  (Session info: chrome=103.0.5060.114)
For documentation on this error, please visit: https://selenium.dev/exceptions/#no_such_element
Build info: version: &apos;4.2.1&apos;, revision: &apos;ac4d0fdd4a&apos;
System info: host: &apos;DESKTOP-PO3T4V3&apos;, ip: &apos;10.50.17.113&apos;, os.name: &apos;Windows 10&apos;, os.arch: &apos;amd64&apos;, os.version: &apos;10.0&apos;, java.version: &apos;17.0.2&apos;
Driver info: org.openqa.selenium.chrome.ChromeDriver
Command: [09b2c932ef0a1eb196a94d127e86a9fc, findElement {using=xpath, value=//*[@class = &apos;dropdown-style1-type-Dpd&apos;]}]
Capabilities {acceptInsecureCerts: false, browserName: chrome, browserVersion: 103.0.5060.114, chrome: {chromedriverVersion: 103.0.5060.53 (a1711811edd7..., userDataDir: C:\Users\NERSES~1\AppData\L...}, goog:chromeOptions: {debuggerAddress: localhost:51749}, networkConnectionEnabled: false, pageLoadStrategy: normal, platformName: WINDOWS, proxy: Proxy(), se:cdp: ws://localhost:51749/devtoo..., se:cdpVersion: 103.0.5060.114, setWindowRect: true, strictFileInteractability: false, timeouts: {implicit: 0, pageLoad: 300000, script: 30000}, unhandledPromptBehavior: dismiss and notify, webauthn:extension:credBlob: true, webauthn:extension:largeBlob: true, webauthn:virtualAuthenticators: true}
Session ID: 09b2c932ef0a1eb196a94d127e86a9fc
	at org.openqa.selenium.remote.codec.w3c.W3CHttpResponseCodec.createException(W3CHttpResponseCodec.java:200)
	at org.openqa.selenium.remote.codec.w3c.W3CHttpResponseCodec.decode(W3CHttpResponseCodec.java:133)
	at org.openqa.selenium.remote.codec.w3c.W3CHttpResponseCodec.decode(W3CHttpResponseCodec.java:53)
	at org.openqa.selenium.remote.HttpCommandExecutor.execute(HttpCommandExecutor.java:184)
	at org.openqa.selenium.remote.service.DriverCommandExecutor.invokeExecute(DriverCommandExecutor.java:167)
	at org.openqa.selenium.remote.service.DriverCommandExecutor.execute(DriverCommandExecutor.java:142)
	at org.openqa.selenium.remote.RemoteWebDriver.execute(RemoteWebDriver.java:551)
	at org.openqa.selenium.remote.ElementLocation$ElementFinder$2.findElement(ElementLocation.java:162)
	at org.openqa.selenium.remote.ElementLocation.findElement(ElementLocation.java:60)
	at org.openqa.selenium.remote.RemoteWebDriver.findElement(RemoteWebDriver.java:369)
	at org.openqa.selenium.remote.RemoteWebDriver.findElement(RemoteWebDriver.java:361)
	at org.openqa.selenium.support.pagefactory.DefaultElementLocator.findElement(DefaultElementLocator.java:70)
	at org.openqa.selenium.support.pagefactory.internal.LocatingElementHandler.invoke(LocatingElementHandler.java:39)
	at jdk.proxy2/jdk.proxy2.$Proxy21.isDisplayed(Unknown Source)
	at org.openqa.selenium.support.ui.ExpectedConditions.elementIfVisible(ExpectedConditions.java:307)
	at org.openqa.selenium.support.ui.ExpectedConditions.access$000(ExpectedConditions.java:40)
	at org.openqa.selenium.support.ui.ExpectedConditions$10.apply(ExpectedConditions.java:293)
	at org.openqa.selenium.support.ui.ExpectedConditions$10.apply(ExpectedConditions.java:290)
	at org.openqa.selenium.support.ui.FluentWait.until(FluentWait.java:208)
	... 34 more
... Removed 31 stack frames</div></td></tr></table><p class="totop"><a href="#summary">back to summary</a></p>
<h3 id="m1">testCases.LoginPopUpTest#loginPopUpLogInNegativeTest</h3><table class="result"><tr class="param"><th>Parameter #1</th><th>Parameter #2</th></tr><tr class="param stripe"><td> U1630370</td><td>N3HU3</td></tr><tr><th colspan="2">Exception</th></tr><tr><td colspan="2"><div class="stacktrace">java.lang.AssertionError: expected [false] but found [true]
	at testCases.LoginPopUpTest.loginPopUpLogInNegativeTest(LoginPopUpTest.java:198)
	at java.base/java.util.ArrayList.forEach(ArrayList.java:1511)
	at com.intellij.rt.testng.IDEARemoteTestNG.run(IDEARemoteTestNG.java:66)
	at com.intellij.rt.testng.RemoteTestNGStarter.main(RemoteTestNGStarter.java:109)
... Removed 30 stack frames</div></td></tr></table><p class="totop"><a href="#summary">back to summary</a></p>
<h3 id="m2">testCases.LoginPopUpTest#loginPopUpLogInNegativeTest</h3><table class="result"><tr class="param"><th>Parameter #1</th><th>Parameter #2</th></tr><tr class="param stripe"><td>U163 0370</td><td>N3HU3</td></tr><tr><th colspan="2">Exception</th></tr><tr><td colspan="2"><div class="stacktrace">java.lang.AssertionError: expected [false] but found [true]
	at testCases.LoginPopUpTest.loginPopUpLogInNegativeTest(LoginPopUpTest.java:198)
	at java.base/java.util.ArrayList.forEach(ArrayList.java:1511)
	at com.intellij.rt.testng.IDEARemoteTestNG.run(IDEARemoteTestNG.java:66)
	at com.intellij.rt.testng.RemoteTestNGStarter.main(RemoteTestNGStarter.java:109)
... Removed 30 stack frames</div></td></tr></table><p class="totop"><a href="#summary">back to summary</a></p>
<h3 id="m3">testCases.LoginPopUpTest#loginPopUpLogInNegativeTest</h3><table class="result"><tr class="param"><th>Parameter #1</th><th>Parameter #2</th></tr><tr class="param stripe"><td>U1630370</td><td> N3HU3</td></tr><tr><th colspan="2">Exception</th></tr><tr><td colspan="2"><div class="stacktrace">java.lang.AssertionError: expected [false] but found [true]
	at testCases.LoginPopUpTest.loginPopUpLogInNegativeTest(LoginPopUpTest.java:198)
	at java.base/java.util.ArrayList.forEach(ArrayList.java:1511)
	at com.intellij.rt.testng.IDEARemoteTestNG.run(IDEARemoteTestNG.java:66)
	at com.intellij.rt.testng.RemoteTestNGStarter.main(RemoteTestNGStarter.java:109)
... Removed 30 stack frames</div></td></tr></table><p class="totop"><a href="#summary">back to summary</a></p>
<h3 id="m4">testCases.LoginPopUpTest#loginPopUpLogInNegativeTest</h3><table class="result"><tr class="param"><th>Parameter #1</th><th>Parameter #2</th></tr><tr class="param stripe"><td>U1630370 </td><td>N3HU3</td></tr><tr><th colspan="2">Exception</th></tr><tr><td colspan="2"><div class="stacktrace">java.lang.AssertionError: expected [false] but found [true]
	at testCases.LoginPopUpTest.loginPopUpLogInNegativeTest(LoginPopUpTest.java:198)
	at java.base/java.util.ArrayList.forEach(ArrayList.java:1511)
	at com.intellij.rt.testng.IDEARemoteTestNG.run(IDEARemoteTestNG.java:66)
	at com.intellij.rt.testng.RemoteTestNGStarter.main(RemoteTestNGStarter.java:109)
... Removed 30 stack frames</div></td></tr></table><p class="totop"><a href="#summary">back to summary</a></p>
<h3 id="m5">testCases.LoginPopUpTest#loginPopUpLogInNegativeTest</h3><table class="result"><tr class="param"><th>Parameter #1</th><th>Parameter #2</th></tr><tr class="param stripe"><td>U1630370</td><td>N3HU3 </td></tr><tr><th colspan="2">Exception</th></tr><tr><td colspan="2"><div class="stacktrace">java.lang.AssertionError: expected [false] but found [true]
	at testCases.LoginPopUpTest.loginPopUpLogInNegativeTest(LoginPopUpTest.java:198)
	at java.base/java.util.ArrayList.forEach(ArrayList.java:1511)
	at com.intellij.rt.testng.IDEARemoteTestNG.run(IDEARemoteTestNG.java:66)
	at com.intellij.rt.testng.RemoteTestNGStarter.main(RemoteTestNGStarter.java:109)
... Removed 30 stack frames</div></td></tr></table><p class="totop"><a href="#summary">back to summary</a></p>
<h3 id="m6">testCases.PasswordRecoveryTest#RecoveryPopUpSupportLink_Test</h3><table class="result"><tr><th>Exception</th></tr><tr><td><div class="stacktrace">java.lang.AssertionError: did not expect [https://craftbet.com/forgot-password] but found [https://craftbet.com/forgot-password]
	at testCases.PasswordRecoveryTest.RecoveryPopUpSupportLink_Test(PasswordRecoveryTest.java:78)
	at java.base/java.util.ArrayList.forEach(ArrayList.java:1511)
	at com.intellij.rt.testng.IDEARemoteTestNG.run(IDEARemoteTestNG.java:66)
	at com.intellij.rt.testng.RemoteTestNGStarter.main(RemoteTestNGStarter.java:109)
... Removed 29 stack frames</div></td></tr></table><p class="totop"><a href="#summary">back to summary</a></p>
<h3 id="m7">testCases.SignUpQuickRegisterTest#SignUpPopUpQuickRegisterNegativeTest</h3><table class="result"><tr class="param"><th>Parameter #1</th></tr><tr class="param stripe"><td>5a\p4@gmail.com</td></tr><tr><th>Exception</th></tr><tr><td><div class="stacktrace">java.lang.AssertionError: expected [Invalid email address] but found [There is no ErrorMessage element]
	at testCases.SignUpQuickRegisterTest.SignUpPopUpQuickRegisterNegativeTest(SignUpQuickRegisterTest.java:160)
	at java.base/java.util.ArrayList.forEach(ArrayList.java:1511)
	at com.intellij.rt.testng.IDEARemoteTestNG.run(IDEARemoteTestNG.java:66)
	at com.intellij.rt.testng.RemoteTestNGStarter.main(RemoteTestNGStarter.java:109)
... Removed 30 stack frames</div></td></tr></table><p class="totop"><a href="#summary">back to summary</a></p>
<h3 id="m8">testCases.SignUpQuickRegisterTest#SignUpPopUpQuickRegisterNegativeTest</h3><table class="result"><tr class="param"><th>Parameter #1</th></tr><tr class="param stripe"><td>g4_wU@gmail.com</td></tr><tr><th>Exception</th></tr><tr><td><div class="stacktrace">java.lang.AssertionError: expected [Invalid email address] but found [There is no ErrorMessage element]
	at testCases.SignUpQuickRegisterTest.SignUpPopUpQuickRegisterNegativeTest(SignUpQuickRegisterTest.java:160)
	at java.base/java.util.ArrayList.forEach(ArrayList.java:1511)
	at com.intellij.rt.testng.IDEARemoteTestNG.run(IDEARemoteTestNG.java:66)
	at com.intellij.rt.testng.RemoteTestNGStarter.main(RemoteTestNGStarter.java:109)
... Removed 30 stack frames</div></td></tr></table><p class="totop"><a href="#summary">back to summary</a></p>
<h3 id="m9">testCases.SignUpQuickRegisterTest#SignUpPopUpQuickRegisterNegativeTest</h3><table class="result"><tr class="param"><th>Parameter #1</th></tr><tr class="param stripe"><td>EtQxOGOLqK.gmail.com</td></tr><tr><th>Exception</th></tr><tr><td><div class="stacktrace">java.lang.AssertionError: expected [Invalid email address] but found [There is no ErrorMessage element]
	at testCases.SignUpQuickRegisterTest.SignUpPopUpQuickRegisterNegativeTest(SignUpQuickRegisterTest.java:160)
	at java.base/java.util.ArrayList.forEach(ArrayList.java:1511)
	at com.intellij.rt.testng.IDEARemoteTestNG.run(IDEARemoteTestNG.java:66)
	at com.intellij.rt.testng.RemoteTestNGStarter.main(RemoteTestNGStarter.java:109)
... Removed 30 stack frames</div></td></tr></table><p class="totop"><a href="#summary">back to summary</a></p>
<h3 id="m10">testCases.SignUpQuickRegisterTest#SignUpPopUpQuickRegisterNegativeTest</h3><table class="result"><tr class="param"><th>Parameter #1</th></tr><tr class="param stripe"><td>w10PT@ziwvT@gmail.com</td></tr><tr><th>Exception</th></tr><tr><td><div class="stacktrace">java.lang.AssertionError: expected [Invalid email address] but found [There is no ErrorMessage element]
	at testCases.SignUpQuickRegisterTest.SignUpPopUpQuickRegisterNegativeTest(SignUpQuickRegisterTest.java:160)
	at java.base/java.util.ArrayList.forEach(ArrayList.java:1511)
	at com.intellij.rt.testng.IDEARemoteTestNG.run(IDEARemoteTestNG.java:66)
	at com.intellij.rt.testng.RemoteTestNGStarter.main(RemoteTestNGStarter.java:109)
... Removed 30 stack frames</div></td></tr></table><p class="totop"><a href="#summary">back to summary</a></p>
<h3 id="m11">testCases.SignUpQuickRegisterTest#SignUpPopUpQuickRegisterNegativeTest</h3><table class="result"><tr class="param"><th>Parameter #1</th></tr><tr class="param stripe"><td>Yi 0K@gmail.com</td></tr><tr><th>Exception</th></tr><tr><td><div class="stacktrace">java.lang.AssertionError: expected [Invalid email address] but found [There is no ErrorMessage element]
	at testCases.SignUpQuickRegisterTest.SignUpPopUpQuickRegisterNegativeTest(SignUpQuickRegisterTest.java:160)
	at java.base/java.util.ArrayList.forEach(ArrayList.java:1511)
	at com.intellij.rt.testng.IDEARemoteTestNG.run(IDEARemoteTestNG.java:66)
	at com.intellij.rt.testng.RemoteTestNGStarter.main(RemoteTestNGStarter.java:109)
... Removed 30 stack frames</div></td></tr></table><p class="totop"><a href="#summary">back to summary</a></p>
<h3 id="m12">testCases.SignUpQuickRegisterTest#SignUpPopUpQuickRegisterNegativeTest</h3><table class="result"><tr class="param"><th>Parameter #1</th></tr><tr class="param stripe"><td>8b&quot;U2@gmail.com</td></tr><tr><th>Exception</th></tr><tr><td><div class="stacktrace">java.lang.AssertionError: expected [Invalid email address] but found [There is no ErrorMessage element]
	at testCases.SignUpQuickRegisterTest.SignUpPopUpQuickRegisterNegativeTest(SignUpQuickRegisterTest.java:160)
	at java.base/java.util.ArrayList.forEach(ArrayList.java:1511)
	at com.intellij.rt.testng.IDEARemoteTestNG.run(IDEARemoteTestNG.java:66)
	at com.intellij.rt.testng.RemoteTestNGStarter.main(RemoteTestNGStarter.java:109)
... Removed 30 stack frames</div></td></tr></table><p class="totop"><a href="#summary">back to summary</a></p>
<h3 id="m13">testCases.SignUpQuickRegisterTest#goToLoginPopUp</h3><table class="result"><tr><th class="invisible"/></tr></table><p class="totop"><a href="#summary">back to summary</a></p>
<h3 id="m14">testCases.SignUpQuickRegisterTest#tearDown</h3><table class="result"><tr><th class="invisible"/></tr></table><p class="totop"><a href="#summary">back to summary</a></p>
<h3 id="m15">testCases.SignUpQuickRegisterTest#SignUpPopUpQuickRegisterPositiveTest</h3><table class="result"><tr><th>Exception</th></tr><tr><td><div class="stacktrace">org.openqa.selenium.TimeoutException: Expected condition failed: waiting for visibility of Proxy element for: DefaultElementLocator &apos;By.xpath: //*[@class = &apos;dropdown-style1-type-Dpd&apos;]&apos; (tried for 5 second(s) with 500 milliseconds interval)
	at org.openqa.selenium.support.ui.WebDriverWait.timeoutException(WebDriverWait.java:87)
	at org.openqa.selenium.support.ui.FluentWait.until(FluentWait.java:231)
	at pageObjects.BasePage.waitElementToBeVisible(BasePage.java:73)
	at pageObjects.BasePage.clickOnElementIfVisible(BasePage.java:84)
	at pageObjects.CraftBet_Header_Page.selectEnglishLanguageFromDropDown(CraftBet_Header_Page.java:90)
	at testCases.BaseTest.setup(BaseTest.java:69)
	at java.base/java.util.ArrayList.forEach(ArrayList.java:1511)
	at com.intellij.rt.testng.IDEARemoteTestNG.run(IDEARemoteTestNG.java:66)
	at com.intellij.rt.testng.RemoteTestNGStarter.main(RemoteTestNGStarter.java:109)
Caused by: org.openqa.selenium.NoSuchElementException: no such element: Unable to locate element: {&quot;method&quot;:&quot;xpath&quot;,&quot;selector&quot;:&quot;//*[@class = &apos;dropdown-style1-type-Dpd&apos;]&quot;}
  (Session info: chrome=103.0.5060.114)
For documentation on this error, please visit: https://selenium.dev/exceptions/#no_such_element
Build info: version: &apos;4.2.1&apos;, revision: &apos;ac4d0fdd4a&apos;
System info: host: &apos;DESKTOP-PO3T4V3&apos;, ip: &apos;10.50.17.113&apos;, os.name: &apos;Windows 10&apos;, os.arch: &apos;amd64&apos;, os.version: &apos;10.0&apos;, java.version: &apos;17.0.2&apos;
Driver info: org.openqa.selenium.chrome.ChromeDriver
Command: [09b2c932ef0a1eb196a94d127e86a9fc, findElement {using=xpath, value=//*[@class = &apos;dropdown-style1-type-Dpd&apos;]}]
Capabilities {acceptInsecureCerts: false, browserName: chrome, browserVersion: 103.0.5060.114, chrome: {chromedriverVersion: 103.0.5060.53 (a1711811edd7..., userDataDir: C:\Users\NERSES~1\AppData\L...}, goog:chromeOptions: {debuggerAddress: localhost:51749}, networkConnectionEnabled: false, pageLoadStrategy: normal, platformName: WINDOWS, proxy: Proxy(), se:cdp: ws://localhost:51749/devtoo..., se:cdpVersion: 103.0.5060.114, setWindowRect: true, strictFileInteractability: false, timeouts: {implicit: 0, pageLoad: 300000, script: 30000}, unhandledPromptBehavior: dismiss and notify, webauthn:extension:credBlob: true, webauthn:extension:largeBlob: true, webauthn:virtualAuthenticators: true}
Session ID: 09b2c932ef0a1eb196a94d127e86a9fc
	at org.openqa.selenium.remote.codec.w3c.W3CHttpResponseCodec.createException(W3CHttpResponseCodec.java:200)
	at org.openqa.selenium.remote.codec.w3c.W3CHttpResponseCodec.decode(W3CHttpResponseCodec.java:133)
	at org.openqa.selenium.remote.codec.w3c.W3CHttpResponseCodec.decode(W3CHttpResponseCodec.java:53)
	at org.openqa.selenium.remote.HttpCommandExecutor.execute(HttpCommandExecutor.java:184)
	at org.openqa.selenium.remote.service.DriverCommandExecutor.invokeExecute(DriverCommandExecutor.java:167)
	at org.openqa.selenium.remote.service.DriverCommandExecutor.execute(DriverCommandExecutor.java:142)
	at org.openqa.selenium.remote.RemoteWebDriver.execute(RemoteWebDriver.java:551)
	at org.openqa.selenium.remote.ElementLocation$ElementFinder$2.findElement(ElementLocation.java:162)
	at org.openqa.selenium.remote.ElementLocation.findElement(ElementLocation.java:60)
	at org.openqa.selenium.remote.RemoteWebDriver.findElement(RemoteWebDriver.java:369)
	at org.openqa.selenium.remote.RemoteWebDriver.findElement(RemoteWebDriver.java:361)
	at org.openqa.selenium.support.pagefactory.DefaultElementLocator.findElement(DefaultElementLocator.java:70)
	at org.openqa.selenium.support.pagefactory.internal.LocatingElementHandler.invoke(LocatingElementHandler.java:39)
	at jdk.proxy2/jdk.proxy2.$Proxy21.isDisplayed(Unknown Source)
	at org.openqa.selenium.support.ui.ExpectedConditions.elementIfVisible(ExpectedConditions.java:307)
	at org.openqa.selenium.support.ui.ExpectedConditions.access$000(ExpectedConditions.java:40)
	at org.openqa.selenium.support.ui.ExpectedConditions$10.apply(ExpectedConditions.java:293)
	at org.openqa.selenium.support.ui.ExpectedConditions$10.apply(ExpectedConditions.java:290)
	at org.openqa.selenium.support.ui.FluentWait.until(FluentWait.java:208)
	... 34 more
... Removed 31 stack frames</div></td></tr></table><p class="totop"><a href="#summary">back to summary</a></p>
<h3 id="m16">testCases.LoginPopUpTest#loginPopUpCheckBoxClickAbility_Test</h3><table class="result"><tr><th class="invisible"/></tr></table><p class="totop"><a href="#summary">back to summary</a></p>
<h3 id="m17">testCases.LoginPopUpTest#loginPopUpCloseButtonFunctionality_Test</h3><table class="result"><tr><th class="invisible"/></tr></table><p class="totop"><a href="#summary">back to summary</a></p>
<h3 id="m18">testCases.LoginPopUpTest#loginPopUpErrorMessageValidationInvalidPassword</h3><table class="result"><tr><th class="invisible"/></tr></table><p class="totop"><a href="#summary">back to summary</a></p>
<h3 id="m19">testCases.LoginPopUpTest#loginPopUpErrorMessageValidationInvalidUsername</h3><table class="result"><tr><th class="invisible"/></tr></table><p class="totop"><a href="#summary">back to summary</a></p>
<h3 id="m20">testCases.LoginPopUpTest#loginPopUpEyeButtonFunctionality_Test</h3><table class="result"><tr><th class="invisible"/></tr></table><p class="totop"><a href="#summary">back to summary</a></p>
<h3 id="m21">testCases.LoginPopUpTest#loginPopUpForgotPasswordLink_Test</h3><table class="result"><tr><th class="invisible"/></tr></table><p class="totop"><a href="#summary">back to summary</a></p>
<h3 id="m22">testCases.LoginPopUpTest#loginPopUpLabelsPresenceVerification_Test</h3><table class="result"><tr><th class="invisible"/></tr></table><p class="totop"><a href="#summary">back to summary</a></p>
<h3 id="m23">testCases.LoginPopUpTest#loginPopUpLogInNegativeTest</h3><table class="result"><tr class="param"><th>Parameter #1</th><th>Parameter #2</th></tr><tr class="param stripe"><td>U1630370</td><td>?N3HU3</td></tr></table><p class="totop"><a href="#summary">back to summary</a></p>
<h3 id="m24">testCases.LoginPopUpTest#loginPopUpLogInNegativeTest</h3><table class="result"><tr class="param"><th>Parameter #1</th><th>Parameter #2</th></tr><tr class="param stripe"><td>?U1630370</td><td>N3HU3</td></tr></table><p class="totop"><a href="#summary">back to summary</a></p>
<h3 id="m25">testCases.LoginPopUpTest#loginPopUpLogInNegativeTest</h3><table class="result"><tr class="param"><th>Parameter #1</th><th>Parameter #2</th></tr><tr class="param stripe"><td>U1630370</td><td>N3 HU3</td></tr></table><p class="totop"><a href="#summary">back to summary</a></p>
<h3 id="m26">testCases.LoginPopUpTest#loginPopUpLogInNegativeTest</h3><table class="result"><tr class="param"><th>Parameter #1</th><th>Parameter #2</th></tr><tr class="param stripe"><td>U1630370</td><td>     </td></tr></table><p class="totop"><a href="#summary">back to summary</a></p>
<h3 id="m27">testCases.LoginPopUpTest#loginPopUpLogInNegativeTest</h3><table class="result"><tr class="param"><th>Parameter #1</th><th>Parameter #2</th></tr><tr class="param stripe"><td>        </td><td>N3HU3</td></tr></table><p class="totop"><a href="#summary">back to summary</a></p>
<h3 id="m28">testCases.LoginPopUpTest#loginPopUpLogInPositiveTest</h3><table class="result"><tr><th class="invisible"/></tr></table><p class="totop"><a href="#summary">back to summary</a></p>
<h3 id="m29">testCases.LoginPopUpTest#loginPopUpLogoPresenceVerification_Test</h3><table class="result"><tr><th class="invisible"/></tr></table><p class="totop"><a href="#summary">back to summary</a></p>
<h3 id="m30">testCases.LoginPopUpTest#loginPopUpRememberMeLabelClickAbility_Test</h3><table class="result"><tr><th class="invisible"/></tr></table><p class="totop"><a href="#summary">back to summary</a></p>
<h3 id="m31">testCases.LoginPopUpTest#loginPopUpSignUpLink_Test</h3><table class="result"><tr><th class="invisible"/></tr></table><p class="totop"><a href="#summary">back to summary</a></p>
<h3 id="m32">testCases.PasswordRecoveryTest#RecoveryPopUpLabelsPresenceVerification_Test</h3><table class="result"><tr><th class="invisible"/></tr></table><p class="totop"><a href="#summary">back to summary</a></p>
<h3 id="m33">testCases.PasswordRecoveryTest#RecoveryPopUpLogoPresenceVerification_Test</h3><table class="result"><tr><th class="invisible"/></tr></table><p class="totop"><a href="#summary">back to summary</a></p>
<h3 id="m34">testCases.PasswordRecoveryTest#RecoveryPopUpNegativeTest</h3><table class="result"><tr class="param"><th>Parameter #1</th></tr><tr class="param stripe"><td>g.babloyan @iqsoft.am</td></tr></table><p class="totop"><a href="#summary">back to summary</a></p>
<h3 id="m35">testCases.PasswordRecoveryTest#RecoveryPopUpNegativeTest</h3><table class="result"><tr class="param"><th>Parameter #1</th></tr><tr class="param stripe"><td>g. babloyan@iqsoft.am</td></tr></table><p class="totop"><a href="#summary">back to summary</a></p>
<h3 id="m36">testCases.PasswordRecoveryTest#RecoveryPopUpNegativeTest</h3><table class="result"><tr class="param"><th>Parameter #1</th></tr><tr class="param stripe"><td>g.babloyan@iqsoft.a m</td></tr></table><p class="totop"><a href="#summary">back to summary</a></p>
<h3 id="m37">testCases.PasswordRecoveryTest#RecoveryPopUpNegativeTest</h3><table class="result"><tr class="param"><th>Parameter #1</th></tr><tr class="param stripe"><td>g.babloyan@iqsoft.am </td></tr></table><p class="totop"><a href="#summary">back to summary</a></p>
<h3 id="m38">testCases.PasswordRecoveryTest#RecoveryPopUpNegativeTest</h3><table class="result"><tr class="param"><th>Parameter #1</th></tr><tr class="param stripe"><td> g.babloyan@iqsoft.am</td></tr></table><p class="totop"><a href="#summary">back to summary</a></p>
<h3 id="m39">testCases.PasswordRecoveryTest#RecoveryPopUpNegativeTest</h3><table class="result"><tr class="param"><th>Parameter #1</th></tr><tr class="param stripe"><td>g .babloyan@iqsoft.am</td></tr></table><p class="totop"><a href="#summary">back to summary</a></p>
<h3 id="m40">testCases.PasswordRecoveryTest#RecoveryPopUpPositiveTest</h3><table class="result"><tr><th class="invisible"/></tr></table><p class="totop"><a href="#summary">back to summary</a></p>
<h3 id="m41">testCases.SignUpQuickRegisterTest#SignUpPopUpQuickRegisterLabelsPresenceVerification_Test</h3><table class="result"><tr><th class="invisible"/></tr></table><p class="totop"><a href="#summary">back to summary</a></p>
<h3 id="m42">testCases.SignUpQuickRegisterTest#SignUpPopUpQuickRegisterLogoPresenceVerification_Test</h3><table class="result"><tr><th class="invisible"/></tr></table><p class="totop"><a href="#summary">back to summary</a></p>
<h3 id="m43">testCases.SignUpQuickRegisterTest#SignUpPopUpQuickRegisterRegisterByDropDownVerification_Test</h3><table class="result"><tr><th class="invisible"/></tr></table><p class="totop"><a href="#summary">back to summary</a></p>
<h3 id="m44">testCases.SignUpQuickRegisterTest#SignUpPopUpQuickRegisterRegisterPrivacyPolicy</h3><table class="result"><tr><th class="invisible"/></tr></table><p class="totop"><a href="#summary">back to summary</a></p>
</body>
</html>
